<?xml version="1.0" encoding="utf-8"?><testsuites><testsuite name="pytest" errors="37" failures="263" skipped="49" tests="947" time="132.892" timestamp="2025-08-22T17:37:11.522744+00:00" hostname="eb0d9d0b5d89"><testcase classname="" name="tests.institutional.test_live_trading" time="0.000"><error message="collection failure">ImportError while importing test module '/workspace/ai-trading-bot/tests/institutional/test_live_trading.py'.
Hint: make sure your test modules/packages have valid Python names.
Traceback:
/root/.pyenv/versions/3.11.12/lib/python3.11/importlib/__init__.py:126: in import_module
    return _bootstrap._gcd_import(name[level:], package, level)
tests/institutional/test_live_trading.py:21: in &lt;module&gt;
    from ai_trading.execution.live_trading import AlpacaExecutionEngine
ai_trading/execution/__init__.py:36: in &lt;module&gt;
    from .engine import (  # AI-AGENT-REF: expose ExecutionEngine
ai_trading/execution/engine.py:86: in &lt;module&gt;
    from .idempotency import OrderIdempotencyCache
ai_trading/execution/idempotency.py:13: in &lt;module&gt;
    from cachetools import TTLCache
E   ModuleNotFoundError: No module named 'cachetools'</error></testcase><testcase classname="" name="tests.test_advanced_features" time="0.000"><error message="collection failure">ImportError while importing test module '/workspace/ai-trading-bot/tests/test_advanced_features.py'.
Hint: make sure your test modules/packages have valid Python names.
Traceback:
/root/.pyenv/versions/3.11.12/lib/python3.11/importlib/__init__.py:126: in import_module
    return _bootstrap._gcd_import(name[level:], package, level)
tests/test_advanced_features.py:31: in &lt;module&gt;
    from ai_trading.execution import slippage  # AI-AGENT-REF: use prod slippage module
ai_trading/execution/__init__.py:36: in &lt;module&gt;
    from .engine import (  # AI-AGENT-REF: expose ExecutionEngine
ai_trading/execution/engine.py:86: in &lt;module&gt;
    from .idempotency import OrderIdempotencyCache
ai_trading/execution/idempotency.py:13: in &lt;module&gt;
    from cachetools import TTLCache
E   ModuleNotFoundError: No module named 'cachetools'</error></testcase><testcase classname="" name="tests.test_batch_and_warmup" time="0.000"><error message="collection failure">ImportError while importing test module '/workspace/ai-trading-bot/tests/test_batch_and_warmup.py'.
Hint: make sure your test modules/packages have valid Python names.
Traceback:
/root/.pyenv/versions/3.11.12/lib/python3.11/importlib/__init__.py:126: in import_module
    return _bootstrap._gcd_import(name[level:], package, level)
tests/test_batch_and_warmup.py:6: in &lt;module&gt;
    from ai_trading.data_fetcher import get_bars_batch, warmup_cache
E   ImportError: cannot import name 'warmup_cache' from 'ai_trading.data_fetcher' (/workspace/ai-trading-bot/ai_trading/data_fetcher.py)</error></testcase><testcase classname="" name="tests.test_benchmarks" time="0.000"><error message="collection failure">ImportError while importing test module '/workspace/ai-trading-bot/tests/test_benchmarks.py'.
Hint: make sure your test modules/packages have valid Python names.
Traceback:
/root/.pyenv/versions/3.11.12/lib/python3.11/importlib/__init__.py:126: in import_module
    return _bootstrap._gcd_import(name[level:], package, level)
tests/test_benchmarks.py:6: in &lt;module&gt;
    from ai_trading import indicators, signals
ai_trading/signals.py:114: in &lt;module&gt;
    from ai_trading.execution.transaction_costs import (
ai_trading/execution/__init__.py:36: in &lt;module&gt;
    from .engine import (  # AI-AGENT-REF: expose ExecutionEngine
ai_trading/execution/engine.py:86: in &lt;module&gt;
    from .idempotency import OrderIdempotencyCache
ai_trading/execution/idempotency.py:13: in &lt;module&gt;
    from cachetools import TTLCache
E   ModuleNotFoundError: No module named 'cachetools'</error></testcase><testcase classname="" name="tests.test_critical_trading_fixes" time="0.000"><error message="collection failure">ImportError while importing test module '/workspace/ai-trading-bot/tests/test_critical_trading_fixes.py'.
Hint: make sure your test modules/packages have valid Python names.
Traceback:
/root/.pyenv/versions/3.11.12/lib/python3.11/importlib/__init__.py:126: in import_module
    return _bootstrap._gcd_import(name[level:], package, level)
tests/test_critical_trading_fixes.py:32: in &lt;module&gt;
    from ai_trading.execution.engine import ExecutionEngine
ai_trading/execution/__init__.py:36: in &lt;module&gt;
    from .engine import (  # AI-AGENT-REF: expose ExecutionEngine
ai_trading/execution/engine.py:86: in &lt;module&gt;
    from .idempotency import OrderIdempotencyCache
ai_trading/execution/idempotency.py:13: in &lt;module&gt;
    from cachetools import TTLCache
E   ModuleNotFoundError: No module named 'cachetools'</error></testcase><testcase classname="" name="tests.test_enhanced_signals" time="0.000"><error message="collection failure">ImportError while importing test module '/workspace/ai-trading-bot/tests/test_enhanced_signals.py'.
Hint: make sure your test modules/packages have valid Python names.
Traceback:
/root/.pyenv/versions/3.11.12/lib/python3.11/importlib/__init__.py:126: in import_module
    return _bootstrap._gcd_import(name[level:], package, level)
tests/test_enhanced_signals.py:10: in &lt;module&gt;
    from ai_trading import signals
ai_trading/signals.py:114: in &lt;module&gt;
    from ai_trading.execution.transaction_costs import (
ai_trading/execution/__init__.py:36: in &lt;module&gt;
    from .engine import (  # AI-AGENT-REF: expose ExecutionEngine
ai_trading/execution/engine.py:86: in &lt;module&gt;
    from .idempotency import OrderIdempotencyCache
ai_trading/execution/idempotency.py:13: in &lt;module&gt;
    from cachetools import TTLCache
E   ModuleNotFoundError: No module named 'cachetools'</error></testcase><testcase classname="" name="tests.test_execution_classes" time="0.000"><error message="collection failure">ImportError while importing test module '/workspace/ai-trading-bot/tests/test_execution_classes.py'.
Hint: make sure your test modules/packages have valid Python names.
Traceback:
/root/.pyenv/versions/3.11.12/lib/python3.11/importlib/__init__.py:126: in import_module
    return _bootstrap._gcd_import(name[level:], package, level)
tests/test_execution_classes.py:10: in &lt;module&gt;
    from ai_trading.execution import ExecutionResult, OrderRequest
ai_trading/execution/__init__.py:36: in &lt;module&gt;
    from .engine import (  # AI-AGENT-REF: expose ExecutionEngine
ai_trading/execution/engine.py:86: in &lt;module&gt;
    from .idempotency import OrderIdempotencyCache
ai_trading/execution/idempotency.py:13: in &lt;module&gt;
    from cachetools import TTLCache
E   ModuleNotFoundError: No module named 'cachetools'</error></testcase><testcase classname="" name="tests.test_execution_engine_check_stops" time="0.000"><error message="collection failure">ImportError while importing test module '/workspace/ai-trading-bot/tests/test_execution_engine_check_stops.py'.
Hint: make sure your test modules/packages have valid Python names.
Traceback:
/root/.pyenv/versions/3.11.12/lib/python3.11/importlib/__init__.py:126: in import_module
    return _bootstrap._gcd_import(name[level:], package, level)
tests/test_execution_engine_check_stops.py:1: in &lt;module&gt;
    from ai_trading.execution.engine import ExecutionEngine
ai_trading/execution/__init__.py:36: in &lt;module&gt;
    from .engine import (  # AI-AGENT-REF: expose ExecutionEngine
ai_trading/execution/engine.py:86: in &lt;module&gt;
    from .idempotency import OrderIdempotencyCache
ai_trading/execution/idempotency.py:13: in &lt;module&gt;
    from cachetools import TTLCache
E   ModuleNotFoundError: No module named 'cachetools'</error></testcase><testcase classname="" name="tests.test_execution_methods" time="0.000"><error message="collection failure">ImportError while importing test module '/workspace/ai-trading-bot/tests/test_execution_methods.py'.
Hint: make sure your test modules/packages have valid Python names.
Traceback:
/root/.pyenv/versions/3.11.12/lib/python3.11/importlib/__init__.py:126: in import_module
    return _bootstrap._gcd_import(name[level:], package, level)
tests/test_execution_methods.py:1: in &lt;module&gt;
    from ai_trading.execution import ExecutionEngine
ai_trading/execution/__init__.py:36: in &lt;module&gt;
    from .engine import (  # AI-AGENT-REF: expose ExecutionEngine
ai_trading/execution/engine.py:86: in &lt;module&gt;
    from .idempotency import OrderIdempotencyCache
ai_trading/execution/idempotency.py:13: in &lt;module&gt;
    from cachetools import TTLCache
E   ModuleNotFoundError: No module named 'cachetools'</error></testcase><testcase classname="" name="tests.test_fill_rate_calculation_fix" time="0.000"><skipped message="collection skipped">('/workspace/ai-trading-bot/tests/test_fill_rate_calculation_fix.py', 21, 'Skipped: ExecutionEngine not available')</skipped></testcase><testcase classname="" name="tests.test_logger_rotator_smoke" time="0.000"><skipped message="collection skipped">('/workspace/ai-trading-bot/tests/test_logger_rotator_smoke.py', 10, 'Skipped: logger_rotator not available')</skipped></testcase><testcase classname="" name="tests.test_logging_behavior" time="0.000"><skipped message="collection skipped">('/workspace/ai-trading-bot/tests/test_logging_behavior.py', 15, 'Skipped: TradeSignal unavailable')</skipped></testcase><testcase classname="" name="tests.test_main_smoke" time="0.000"><skipped message="collection skipped">('/workspace/ai-trading-bot/tests/test_main_smoke.py', 9, 'Skipped: run module not available')</skipped></testcase><testcase classname="" name="tests.test_ml_model_loading" time="0.000"><error message="collection failure">ImportError while importing test module '/workspace/ai-trading-bot/tests/test_ml_model_loading.py'.
Hint: make sure your test modules/packages have valid Python names.
Traceback:
/root/.pyenv/versions/3.11.12/lib/python3.11/importlib/__init__.py:126: in import_module
    return _bootstrap._gcd_import(name[level:], package, level)
tests/test_ml_model_loading.py:9: in &lt;module&gt;
    from sklearn.dummy import DummyClassifier
E   ModuleNotFoundError: No module named 'sklearn.dummy'; 'sklearn' is not a package</error></testcase><testcase classname="" name="tests.test_model_registry_roundtrip" time="0.000"><error message="collection failure">ImportError while importing test module '/workspace/ai-trading-bot/tests/test_model_registry_roundtrip.py'.
Hint: make sure your test modules/packages have valid Python names.
Traceback:
/root/.pyenv/versions/3.11.12/lib/python3.11/importlib/__init__.py:126: in import_module
    return _bootstrap._gcd_import(name[level:], package, level)
tests/test_model_registry_roundtrip.py:8: in &lt;module&gt;
    from sklearn.linear_model import LinearRegression
E   ImportError: cannot import name 'LinearRegression' from 'sklearn.linear_model' (unknown location)</error></testcase><testcase classname="" name="tests.test_parallel_speed" time="0.000"><error message="collection failure">ImportError while importing test module '/workspace/ai-trading-bot/tests/test_parallel_speed.py'.
Hint: make sure your test modules/packages have valid Python names.
Traceback:
/root/.pyenv/versions/3.11.12/lib/python3.11/importlib/__init__.py:126: in import_module
    return _bootstrap._gcd_import(name[level:], package, level)
tests/test_parallel_speed.py:4: in &lt;module&gt;
    from ai_trading import signals
ai_trading/signals.py:114: in &lt;module&gt;
    from ai_trading.execution.transaction_costs import (
ai_trading/execution/__init__.py:36: in &lt;module&gt;
    from .engine import (  # AI-AGENT-REF: expose ExecutionEngine
ai_trading/execution/engine.py:86: in &lt;module&gt;
    from .idempotency import OrderIdempotencyCache
ai_trading/execution/idempotency.py:13: in &lt;module&gt;
    from cachetools import TTLCache
E   ModuleNotFoundError: No module named 'cachetools'</error></testcase><testcase classname="" name="tests.test_portfolio_integration" time="0.000"><error message="collection failure">ImportError while importing test module '/workspace/ai-trading-bot/tests/test_portfolio_integration.py'.
Hint: make sure your test modules/packages have valid Python names.
Traceback:
/root/.pyenv/versions/3.11.12/lib/python3.11/importlib/__init__.py:126: in import_module
    return _bootstrap._gcd_import(name[level:], package, level)
tests/test_portfolio_integration.py:28: in &lt;module&gt;
    from ai_trading.signals import filter_signals_with_portfolio_optimization
ai_trading/signals.py:114: in &lt;module&gt;
    from ai_trading.execution.transaction_costs import (
ai_trading/execution/__init__.py:36: in &lt;module&gt;
    from .engine import (  # AI-AGENT-REF: expose ExecutionEngine
ai_trading/execution/engine.py:86: in &lt;module&gt;
    from .idempotency import OrderIdempotencyCache
ai_trading/execution/idempotency.py:13: in &lt;module&gt;
    from cachetools import TTLCache
E   ModuleNotFoundError: No module named 'cachetools'</error></testcase><testcase classname="" name="tests.test_portfolio_optimization" time="0.000"><error message="collection failure">ImportError while importing test module '/workspace/ai-trading-bot/tests/test_portfolio_optimization.py'.
Hint: make sure your test modules/packages have valid Python names.
Traceback:
/root/.pyenv/versions/3.11.12/lib/python3.11/importlib/__init__.py:126: in import_module
    return _bootstrap._gcd_import(name[level:], package, level)
tests/test_portfolio_optimization.py:13: in &lt;module&gt;
    from ai_trading.execution.transaction_costs import (  # AI-AGENT-REF: normalized import
ai_trading/execution/__init__.py:36: in &lt;module&gt;
    from .engine import (  # AI-AGENT-REF: expose ExecutionEngine
ai_trading/execution/engine.py:86: in &lt;module&gt;
    from .idempotency import OrderIdempotencyCache
ai_trading/execution/idempotency.py:13: in &lt;module&gt;
    from cachetools import TTLCache
E   ModuleNotFoundError: No module named 'cachetools'</error></testcase><testcase classname="" name="tests.test_property_based" time="0.000"><error message="collection failure">ImportError while importing test module '/workspace/ai-trading-bot/tests/test_property_based.py'.
Hint: make sure your test modules/packages have valid Python names.
Traceback:
/root/.pyenv/versions/3.11.12/lib/python3.11/importlib/__init__.py:126: in import_module
    return _bootstrap._gcd_import(name[level:], package, level)
tests/test_property_based.py:13: in &lt;module&gt;
    from ai_trading import signals, utils
ai_trading/signals.py:114: in &lt;module&gt;
    from ai_trading.execution.transaction_costs import (
ai_trading/execution/__init__.py:36: in &lt;module&gt;
    from .engine import (  # AI-AGENT-REF: expose ExecutionEngine
ai_trading/execution/engine.py:86: in &lt;module&gt;
    from .idempotency import OrderIdempotencyCache
ai_trading/execution/idempotency.py:13: in &lt;module&gt;
    from cachetools import TTLCache
E   ModuleNotFoundError: No module named 'cachetools'</error></testcase><testcase classname="" name="tests.test_signals" time="0.000"><error message="collection failure">ImportError while importing test module '/workspace/ai-trading-bot/tests/test_signals.py'.
Hint: make sure your test modules/packages have valid Python names.
Traceback:
/root/.pyenv/versions/3.11.12/lib/python3.11/importlib/__init__.py:126: in import_module
    return _bootstrap._gcd_import(name[level:], package, level)
tests/test_signals.py:11: in &lt;module&gt;
    from ai_trading.signals import GaussianHMM, detect_market_regime_hmm
ai_trading/signals.py:114: in &lt;module&gt;
    from ai_trading.execution.transaction_costs import (
ai_trading/execution/__init__.py:36: in &lt;module&gt;
    from .engine import (  # AI-AGENT-REF: expose ExecutionEngine
ai_trading/execution/engine.py:86: in &lt;module&gt;
    from .idempotency import OrderIdempotencyCache
ai_trading/execution/idempotency.py:13: in &lt;module&gt;
    from cachetools import TTLCache
E   ModuleNotFoundError: No module named 'cachetools'</error></testcase><testcase classname="" name="tests.test_signals_extended" time="0.000"><error message="collection failure">ImportError while importing test module '/workspace/ai-trading-bot/tests/test_signals_extended.py'.
Hint: make sure your test modules/packages have valid Python names.
Traceback:
/root/.pyenv/versions/3.11.12/lib/python3.11/importlib/__init__.py:126: in import_module
    return _bootstrap._gcd_import(name[level:], package, level)
tests/test_signals_extended.py:1: in &lt;module&gt;
    from ai_trading import signals
ai_trading/signals.py:114: in &lt;module&gt;
    from ai_trading.execution.transaction_costs import (
ai_trading/execution/__init__.py:36: in &lt;module&gt;
    from .engine import (  # AI-AGENT-REF: expose ExecutionEngine
ai_trading/execution/engine.py:86: in &lt;module&gt;
    from .idempotency import OrderIdempotencyCache
ai_trading/execution/idempotency.py:13: in &lt;module&gt;
    from cachetools import TTLCache
E   ModuleNotFoundError: No module named 'cachetools'</error></testcase><testcase classname="" name="tests.test_signals_scoring" time="0.000"><error message="collection failure">ImportError while importing test module '/workspace/ai-trading-bot/tests/test_signals_scoring.py'.
Hint: make sure your test modules/packages have valid Python names.
Traceback:
/root/.pyenv/versions/3.11.12/lib/python3.11/importlib/__init__.py:126: in import_module
    return _bootstrap._gcd_import(name[level:], package, level)
tests/test_signals_scoring.py:3: in &lt;module&gt;
    from ai_trading import signals
ai_trading/signals.py:114: in &lt;module&gt;
    from ai_trading.execution.transaction_costs import (
ai_trading/execution/__init__.py:36: in &lt;module&gt;
    from .engine import (  # AI-AGENT-REF: expose ExecutionEngine
ai_trading/execution/engine.py:86: in &lt;module&gt;
    from .idempotency import OrderIdempotencyCache
ai_trading/execution/idempotency.py:13: in &lt;module&gt;
    from cachetools import TTLCache
E   ModuleNotFoundError: No module named 'cachetools'</error></testcase><testcase classname="" name="tests.unit.test_alpaca_api" time="0.000"><skipped message="collection skipped">('/workspace/ai-trading-bot/tests/unit/test_alpaca_api.py', 3, 'Skipped: alpaca_api module not found')</skipped></testcase><testcase classname="tests.allocators.test_confidence_gate_env" name="test_conf_gate_env_and_log" time="0.006" /><testcase classname="tests.test_alpaca_import_handling.TestAlpacaImportHandling" name="test_check_alpaca_available_function" time="0.003" /><testcase classname="tests.test_critical_fixes" name="test_risk_engine_missing_methods" time="0.004" /><testcase classname="tests.test_bot_engine_imports.TestBotEngineImports" name="test_import_types_annotation" time="0.004" /><testcase classname="tests.test_cfg_required_fields" name="test_cfg_required_fields_exist" time="0.003" /><testcase classname="tests.test_critical_fixes" name="test_bot_context_alpaca_client_compatibility" time="0.004" /><testcase classname="tests.test_bot_engine_unit" name="test_initialize_bot_returns_ctx_and_state" time="0.002" /><testcase classname="tests.config.test_mode_aliases" name="test_precedence" time="0.004" /><testcase classname="tests.test_bot_engine_unit" name="test_generate_signals_basic[prices0-expected0]" time="0.005" /><testcase classname="tests.test_cli_smoke" name="test_ai_trade_dry_run_exits_zero" time="0.856" /><testcase classname="tests.test_critical_fixes" name="test_process_manager_lock_mechanism" time="0.003" /><testcase classname="tests.config.test_mode_aliases" name="test_conflict_prefers_canonical" time="0.003" /><testcase classname="tests.test_alpaca_import_handling.TestAlpacaImportHandling" name="test_import_error_types" time="0.006" /><testcase classname="tests.config.test_mode_aliases" name="test_deprecation_logged_once" time="0.002" /><testcase classname="tests.test_alpaca_import_handling.TestAlpacaImportHandling" name="test_mock_classes_functionality" time="0.003" /><testcase classname="tests.test_critical_fixes" name="test_data_validation_freshness" time="0.007" /><testcase classname="tests.test_bot_engine_unit" name="test_generate_signals_basic[prices1-expected1]" time="0.004" /><testcase classname="tests.test_bot_engine_unit" name="test_generate_signals_basic[prices2-expected2]" time="0.004" /><testcase classname="tests.data_fetcher.test_datetime_narrow_exceptions" name="test_dt_invalid_raises_typeerror" time="0.004" /><testcase classname="tests.test_bot_engine_unit" name="test_generate_signals_missing_column_raises" time="0.003" /><testcase classname="tests.test_critical_fixes" name="test_data_validation_emergency_check" time="0.005" /><testcase classname="tests.test_alpaca_import_handling.TestAlpacaImportHandling" name="test_safe_submit_order_with_unavailable_alpaca" time="0.006" /><testcase classname="tests.data_fetcher.test_datetime_narrow_exceptions" name="test_dt_oob_raises_typeerror" time="0.003" /><testcase classname="tests.test_bot_engine_unit" name="test_execute_trades_sends_orders" time="0.002" /><testcase classname="tests.execution.test_fetch_minute_df_safe_empty" name="test_empty_minute_raises" time="0.004" /><testcase classname="tests.test_bot_engine_unit" name="test_run_trading_cycle_integration" time="0.004" /><testcase classname="tests.test_critical_fixes" name="test_risk_engine_exposure_tracking" time="0.003" /><testcase classname="tests.test_alpaca_import_handling.TestAlpacaImportHandling" name="test_service_startup_simulation" time="0.006" /><testcase classname="tests.runtime.test_alpaca_stub_no_typeerror" name="test_alpaca_stub_accepts_args_and_noops" time="0.002" /><testcase classname="tests.test_alpaca_init_contract" name="test_no_import_time_initialization" time="0.003" /><testcase classname="tests.test_critical_fixes" name="test_process_manager_multiple_instances_check" time="0.002" /><testcase classname="tests.test_bot_engine_unit" name="test_load_model_single" time="0.003" /><testcase classname="tests.runtime.test_alpaca_wrapped" name="test_submit_order_retries" time="0.110" /><testcase classname="tests.test_critical_fixes" name="test_audit_permission_handling" time="0.007" /><testcase classname="tests.test_bot_engine_unit" name="test_load_model_missing" time="0.003" /><testcase classname="tests.test_bot_engine_unit" name="test_load_model_ensemble" time="0.003" /><testcase classname="tests.test_alpaca_init_contract" name="test_ensure_returns_tuple_and_skips_in_shadow" time="0.006" /><testcase classname="tests.test_bot_engine_unit" name="test_health_check_various[0-False]" time="0.003" /><testcase classname="tests.test_critical_fixes" name="test_integration_risk_engine_methods" time="0.004" /><testcase classname="tests.test_bot_engine_unit" name="test_health_check_various[150-True]" time="0.002" /><testcase classname="tests.test_alpaca_init_contract" name="test_initialize_skips_in_shadow_mode" time="0.011" /><testcase classname="tests.test_bot_engine_unit" name="test_run_trading_cycle_empty_df_returns_no_orders" time="0.002" /><testcase classname="tests.test_critical_fixes_focused.TestCriticalFixes" name="test_confidence_normalization_exists" time="0.003" /><testcase classname="tests.test_bot_extended" name="test_compute_time_range" time="0.001" /><testcase classname="tests.test_bot_extended" name="test_get_latest_close_edge_cases" time="0.009" /><testcase classname="tests.test_critical_fixes_focused.TestCriticalFixes" name="test_sector_classification_fallback" time="0.005" /><testcase classname="tests.test_alpaca_init_contract" name="test_initialize_raises_when_missing_creds_and_not_shadow" time="0.004" /><testcase classname="tests.test_bot_extended" name="test_fetch_minute_df_safe_market_closed" time="0.002" /><testcase classname="tests.test_alpaca_time_params" name="test_daily_uses_date_only" time="0.005"><failure message="AttributeError: type object '_TFUnit' has no attribute 'Week'">mock_rest_cls = &lt;MagicMock name='TradeApiREST' id='140245807055184'&gt;

    @patch("ai_trading.alpaca_api.TradeApiREST")
    def test_daily_uses_date_only(mock_rest_cls):
        mock_rest = MagicMock()
        mock_rest.get_bars.return_value = _Resp(pd.DataFrame({"open": [1.0], "close": [1.1]}))
        mock_rest_cls.return_value = mock_rest
    
&gt;       df = get_bars_df("SPY", "Day", feed="iex", adjustment="all")

tests/test_alpaca_time_params.py:21: 
_ _ _ _ _ _ _ _ _ _ _ _ _ _ _ _ _ _ _ _ _ _ _ _ _ _ _ _ _ _ _ _ _ _ _ _ _ _ _ _ _ _ _ _ _ _ _ _ _ _ _ _ _ _ _ _ _ _ _ _ _ _ _ _ 
ai_trading/alpaca_api.py:174: in get_bars_df
    base_tf = tf_raw if isinstance(tf_raw, TimeFrame) else TimeFrame(1, TimeFrameUnit.Day)
/root/.pyenv/versions/3.11.12/lib/python3.11/site-packages/alpaca/data/timeframe.py:40: in __init__
    self.validate_timeframe(amount, unit)
_ _ _ _ _ _ _ _ _ _ _ _ _ _ _ _ _ _ _ _ _ _ _ _ _ _ _ _ _ _ _ _ _ _ _ _ _ _ _ _ _ _ _ _ _ _ _ _ _ _ _ _ _ _ _ _ _ _ _ _ _ _ _ _ 

amount = 1, unit = &lt;TimeFrameUnit.Day: 'Day'&gt;

    @staticmethod
    def validate_timeframe(amount: int, unit: TimeFrameUnit):
        """Validates the amount value against the TimeFrameUnit value for consistency
    
        Args:
            amount (int): The number of multiples of unit
            unit (TimeFrameUnit): The base unit of time interval the TimeFrame is measured by
    
        Raises:
            ValueError: Raised if the values of amount and unit are not consistent with each other
        """
        if amount &lt;= 0:
            raise ValueError("Amount must be a positive integer value.")
    
        if unit == TimeFrameUnit.Minute and amount &gt; 59:
            raise ValueError(
                "Second or Minute units can only be "
                + "used with amounts between 1-59."
            )
    
        if unit == TimeFrameUnit.Hour and amount &gt; 23:
            raise ValueError("Hour units can only be used with amounts 1-23")
    
&gt;       if unit in (TimeFrameUnit.Day, TimeFrameUnit.Week) and amount != 1:
E       AttributeError: type object '_TFUnit' has no attribute 'Week'

/root/.pyenv/versions/3.11.12/lib/python3.11/site-packages/alpaca/data/timeframe.py:94: AttributeError</failure></testcase><testcase classname="tests.test_bot_extended" name="test_fetch_minute_df_safe_open" time="0.003"><failure message="ImportError: cannot import name 'last_minute_bar_age_seconds' from 'ai_trading.data_fetcher' (unknown location)">monkeypatch = &lt;_pytest.monkeypatch.MonkeyPatch object at 0x7f3d458f6250&gt;

    def test_fetch_minute_df_safe_open(monkeypatch):
        """DataFrame is returned when the market is open."""
        df = pd.DataFrame({"close": [1]}, index=[pd.Timestamp("2024-01-01")])
        monkeypatch.setattr(bot, "get_minute_df", lambda symbol, start_date, end_date: df)
&gt;       result = bot.fetch_minute_df_safe("AAPL")

tests/test_bot_extended.py:229: 
_ _ _ _ _ _ _ _ _ _ _ _ _ _ _ _ _ _ _ _ _ _ _ _ _ _ _ _ _ _ _ _ _ _ _ _ _ _ _ _ _ _ _ _ _ _ _ _ _ _ _ _ _ _ _ _ _ _ _ _ _ _ _ _ 
ai_trading/core/bot_engine.py:2060: in fetch_minute_df_safe
    _ensure_data_fresh(symbols=[symbol], max_age_seconds=600)
_ _ _ _ _ _ _ _ _ _ _ _ _ _ _ _ _ _ _ _ _ _ _ _ _ _ _ _ _ _ _ _ _ _ _ _ _ _ _ _ _ _ _ _ _ _ _ _ _ _ _ _ _ _ _ _ _ _ _ _ _ _ _ _ 

symbols = ['AAPL'], max_age_seconds = 600

    def _ensure_data_fresh(symbols, max_age_seconds: int) -&gt; None:
        """
        Validate that the cached minute data for each symbol is recent enough.
        Logs UTC timestamps and fails fast if any symbol is stale.
        """
        try:
&gt;           from ai_trading.data_fetcher import last_minute_bar_age_seconds
E           ImportError: cannot import name 'last_minute_bar_age_seconds' from 'ai_trading.data_fetcher' (unknown location)

ai_trading/core/bot_engine.py:5792: ImportError</failure></testcase><testcase classname="tests.test_critical_fixes_focused.TestCriticalFixes" name="test_sentiment_circuit_breaker_thresholds" time="0.010" /><testcase classname="tests.test_critical_fixes_focused.TestCriticalFixes" name="test_short_selling_validation_exists" time="0.007"><failure message="ModuleNotFoundError: No module named 'cachetools'">self = &lt;tests.test_critical_fixes_focused.TestCriticalFixes testMethod=test_short_selling_validation_exists&gt;

    def test_short_selling_validation_exists(self):
        """Test that short selling validation method exists."""
        # P2 Fix: Short selling validation
&gt;       from ai_trading.execution.engine import ExecutionEngine

tests/test_critical_fixes_focused.py:100: 
_ _ _ _ _ _ _ _ _ _ _ _ _ _ _ _ _ _ _ _ _ _ _ _ _ _ _ _ _ _ _ _ _ _ _ _ _ _ _ _ _ _ _ _ _ _ _ _ _ _ _ _ _ _ _ _ _ _ _ _ _ _ _ _ 
ai_trading/execution/__init__.py:36: in &lt;module&gt;
    from .engine import (  # AI-AGENT-REF: expose ExecutionEngine
ai_trading/execution/engine.py:86: in &lt;module&gt;
    from .idempotency import OrderIdempotencyCache
_ _ _ _ _ _ _ _ _ _ _ _ _ _ _ _ _ _ _ _ _ _ _ _ _ _ _ _ _ _ _ _ _ _ _ _ _ _ _ _ _ _ _ _ _ _ _ _ _ _ _ _ _ _ _ _ _ _ _ _ _ _ _ _ 

    """
    Order idempotency module to prevent duplicate orders on retries.
    
    Provides TTL cache keyed by (symbol, side, qty, intent_ts_bucket) to ensure
    orders are idempotent across retry attempts.
    """
    
    import hashlib
    import threading
    from dataclasses import dataclass
    from datetime import UTC, datetime
    
&gt;   from cachetools import TTLCache
E   ModuleNotFoundError: No module named 'cachetools'

ai_trading/execution/idempotency.py:13: ModuleNotFoundError</failure></testcase><testcase classname="tests.test_alpaca_time_params" name="test_intraday_uses_rfc3339z" time="0.007" /><testcase classname="tests.test_alpaca_timeframe_mapping" name="test_day_timeframe_normalized" time="0.005"><failure message="AttributeError: type object '_TFUnit' has no attribute 'Week'">mock_rest_cls = &lt;MagicMock name='TradeApiREST' id='140245799324304'&gt;

    @patch("ai_trading.alpaca_api.TradeApiREST")
    def test_day_timeframe_normalized(mock_rest_cls):
        mock_rest = MagicMock()
        mock_rest.get_bars.return_value = _Resp(pd.DataFrame({"open": [1.0], "close": [1.1]}))
        mock_rest_cls.return_value = mock_rest
    
&gt;       df = get_bars_df("SPY", "Day", feed="iex", adjustment="all")

tests/test_alpaca_timeframe_mapping.py:41: 
_ _ _ _ _ _ _ _ _ _ _ _ _ _ _ _ _ _ _ _ _ _ _ _ _ _ _ _ _ _ _ _ _ _ _ _ _ _ _ _ _ _ _ _ _ _ _ _ _ _ _ _ _ _ _ _ _ _ _ _ _ _ _ _ 
ai_trading/alpaca_api.py:174: in get_bars_df
    base_tf = tf_raw if isinstance(tf_raw, TimeFrame) else TimeFrame(1, TimeFrameUnit.Day)
/root/.pyenv/versions/3.11.12/lib/python3.11/site-packages/alpaca/data/timeframe.py:40: in __init__
    self.validate_timeframe(amount, unit)
_ _ _ _ _ _ _ _ _ _ _ _ _ _ _ _ _ _ _ _ _ _ _ _ _ _ _ _ _ _ _ _ _ _ _ _ _ _ _ _ _ _ _ _ _ _ _ _ _ _ _ _ _ _ _ _ _ _ _ _ _ _ _ _ 

amount = 1, unit = &lt;TimeFrameUnit.Day: 'Day'&gt;

    @staticmethod
    def validate_timeframe(amount: int, unit: TimeFrameUnit):
        """Validates the amount value against the TimeFrameUnit value for consistency
    
        Args:
            amount (int): The number of multiples of unit
            unit (TimeFrameUnit): The base unit of time interval the TimeFrame is measured by
    
        Raises:
            ValueError: Raised if the values of amount and unit are not consistent with each other
        """
        if amount &lt;= 0:
            raise ValueError("Amount must be a positive integer value.")
    
        if unit == TimeFrameUnit.Minute and amount &gt; 59:
            raise ValueError(
                "Second or Minute units can only be "
                + "used with amounts between 1-59."
            )
    
        if unit == TimeFrameUnit.Hour and amount &gt; 23:
            raise ValueError("Hour units can only be used with amounts 1-23")
    
&gt;       if unit in (TimeFrameUnit.Day, TimeFrameUnit.Week) and amount != 1:
E       AttributeError: type object '_TFUnit' has no attribute 'Week'

/root/.pyenv/versions/3.11.12/lib/python3.11/site-packages/alpaca/data/timeframe.py:94: AttributeError</failure></testcase><testcase classname="tests.test_alpaca_timeframe_mapping" name="test_tf_object_normalized" time="0.006"><failure message="AttributeError: type object '_TFUnit' has no attribute 'Week'">mock_rest_cls = &lt;MagicMock name='TradeApiREST' id='140245798861584'&gt;

    @patch("ai_trading.alpaca_api.TradeApiREST")
    def test_tf_object_normalized(mock_rest_cls):
        mock_rest = MagicMock()
        mock_rest.get_bars.return_value = _Resp(pd.DataFrame({"open": [1.0], "close": [1.1]}))
        mock_rest_cls.return_value = mock_rest
    
&gt;       df = get_bars_df("SPY", TimeFrame(1, TimeFrameUnit.Day), feed="iex", adjustment="all")

tests/test_alpaca_timeframe_mapping.py:53: 
_ _ _ _ _ _ _ _ _ _ _ _ _ _ _ _ _ _ _ _ _ _ _ _ _ _ _ _ _ _ _ _ _ _ _ _ _ _ _ _ _ _ _ _ _ _ _ _ _ _ _ _ _ _ _ _ _ _ _ _ _ _ _ _ 
/root/.pyenv/versions/3.11.12/lib/python3.11/site-packages/alpaca/data/timeframe.py:40: in __init__
    self.validate_timeframe(amount, unit)
_ _ _ _ _ _ _ _ _ _ _ _ _ _ _ _ _ _ _ _ _ _ _ _ _ _ _ _ _ _ _ _ _ _ _ _ _ _ _ _ _ _ _ _ _ _ _ _ _ _ _ _ _ _ _ _ _ _ _ _ _ _ _ _ 

amount = 1, unit = &lt;TimeFrameUnit.Day: 'Day'&gt;

    @staticmethod
    def validate_timeframe(amount: int, unit: TimeFrameUnit):
        """Validates the amount value against the TimeFrameUnit value for consistency
    
        Args:
            amount (int): The number of multiples of unit
            unit (TimeFrameUnit): The base unit of time interval the TimeFrame is measured by
    
        Raises:
            ValueError: Raised if the values of amount and unit are not consistent with each other
        """
        if amount &lt;= 0:
            raise ValueError("Amount must be a positive integer value.")
    
        if unit == TimeFrameUnit.Minute and amount &gt; 59:
            raise ValueError(
                "Second or Minute units can only be "
                + "used with amounts between 1-59."
            )
    
        if unit == TimeFrameUnit.Hour and amount &gt; 23:
            raise ValueError("Hour units can only be used with amounts 1-23")
    
&gt;       if unit in (TimeFrameUnit.Day, TimeFrameUnit.Week) and amount != 1:
E       AttributeError: type object '_TFUnit' has no attribute 'Week'

/root/.pyenv/versions/3.11.12/lib/python3.11/site-packages/alpaca/data/timeframe.py:94: AttributeError</failure></testcase><testcase classname="tests.test_critical_fixes_focused.TestCriticalFixes" name="test_trade_execution_quantity_fix_exists" time="0.005"><failure message="ModuleNotFoundError: No module named 'cachetools'">self = &lt;tests.test_critical_fixes_focused.TestCriticalFixes testMethod=test_trade_execution_quantity_fix_exists&gt;

    def test_trade_execution_quantity_fix_exists(self):
        """Test that trade execution has the quantity calculation fix."""
        # P0 Fix: Quantity calculation bug
        # We can't easily test the actual fix without mocking orders, but we can verify
        # the _reconcile_partial_fills method exists and has been updated
    
&gt;       from ai_trading.execution.engine import ExecutionEngine

tests/test_critical_fixes_focused.py:87: 
_ _ _ _ _ _ _ _ _ _ _ _ _ _ _ _ _ _ _ _ _ _ _ _ _ _ _ _ _ _ _ _ _ _ _ _ _ _ _ _ _ _ _ _ _ _ _ _ _ _ _ _ _ _ _ _ _ _ _ _ _ _ _ _ 
ai_trading/execution/__init__.py:36: in &lt;module&gt;
    from .engine import (  # AI-AGENT-REF: expose ExecutionEngine
ai_trading/execution/engine.py:86: in &lt;module&gt;
    from .idempotency import OrderIdempotencyCache
_ _ _ _ _ _ _ _ _ _ _ _ _ _ _ _ _ _ _ _ _ _ _ _ _ _ _ _ _ _ _ _ _ _ _ _ _ _ _ _ _ _ _ _ _ _ _ _ _ _ _ _ _ _ _ _ _ _ _ _ _ _ _ _ 

    """
    Order idempotency module to prevent duplicate orders on retries.
    
    Provides TTL cache keyed by (symbol, side, qty, intent_ts_bucket) to ensure
    orders are idempotent across retry attempts.
    """
    
    import hashlib
    import threading
    from dataclasses import dataclass
    from datetime import UTC, datetime
    
&gt;   from cachetools import TTLCache
E   ModuleNotFoundError: No module named 'cachetools'

ai_trading/execution/idempotency.py:13: ModuleNotFoundError</failure></testcase><testcase classname="tests.test_alpaca_timeframe_mapping" name="test_minute_normalized" time="0.006"><failure message="AttributeError: type object '_TFUnit' has no attribute 'Week'">mock_rest_cls = &lt;MagicMock name='TradeApiREST' id='140245803049232'&gt;

    @patch("ai_trading.alpaca_api.TradeApiREST")
    def test_minute_normalized(mock_rest_cls):
        mock_rest = MagicMock()
        mock_rest.get_bars.return_value = _Resp(pd.DataFrame({"open": [1.0], "close": [1.1]}))
        mock_rest_cls.return_value = mock_rest
    
&gt;       df = get_bars_df("SPY", "Minute", feed="iex", adjustment="all")

tests/test_alpaca_timeframe_mapping.py:65: 
_ _ _ _ _ _ _ _ _ _ _ _ _ _ _ _ _ _ _ _ _ _ _ _ _ _ _ _ _ _ _ _ _ _ _ _ _ _ _ _ _ _ _ _ _ _ _ _ _ _ _ _ _ _ _ _ _ _ _ _ _ _ _ _ 
ai_trading/alpaca_api.py:174: in get_bars_df
    base_tf = tf_raw if isinstance(tf_raw, TimeFrame) else TimeFrame(1, TimeFrameUnit.Day)
/root/.pyenv/versions/3.11.12/lib/python3.11/site-packages/alpaca/data/timeframe.py:40: in __init__
    self.validate_timeframe(amount, unit)
_ _ _ _ _ _ _ _ _ _ _ _ _ _ _ _ _ _ _ _ _ _ _ _ _ _ _ _ _ _ _ _ _ _ _ _ _ _ _ _ _ _ _ _ _ _ _ _ _ _ _ _ _ _ _ _ _ _ _ _ _ _ _ _ 

amount = 1, unit = &lt;TimeFrameUnit.Day: 'Day'&gt;

    @staticmethod
    def validate_timeframe(amount: int, unit: TimeFrameUnit):
        """Validates the amount value against the TimeFrameUnit value for consistency
    
        Args:
            amount (int): The number of multiples of unit
            unit (TimeFrameUnit): The base unit of time interval the TimeFrame is measured by
    
        Raises:
            ValueError: Raised if the values of amount and unit are not consistent with each other
        """
        if amount &lt;= 0:
            raise ValueError("Amount must be a positive integer value.")
    
        if unit == TimeFrameUnit.Minute and amount &gt; 59:
            raise ValueError(
                "Second or Minute units can only be "
                + "used with amounts between 1-59."
            )
    
        if unit == TimeFrameUnit.Hour and amount &gt; 23:
            raise ValueError("Hour units can only be used with amounts 1-23")
    
&gt;       if unit in (TimeFrameUnit.Day, TimeFrameUnit.Week) and amount != 1:
E       AttributeError: type object '_TFUnit' has no attribute 'Week'

/root/.pyenv/versions/3.11.12/lib/python3.11/site-packages/alpaca/data/timeframe.py:94: AttributeError</failure></testcase><testcase classname="tests.runtime.test_exception_narrowing_df_main" name="test_data_fetcher_has_importerror_for_optional_imports" time="0.006" /><testcase classname="tests.runtime.test_exception_narrowing_df_main" name="test_data_fetcher_json_decode_is_valueerror_only" time="0.003"><failure message="assert None&#10; +  where None = &lt;function search at 0x7ff8f111a200&gt;('resp\\.json\\(\\)\\n\\s*except ValueError:\\n\\s*payload\\s*=\\s*\\{\\}', 'from __future__ import annotations\n\nimport datetime as _dt\nimport os\nimport warnings  # AI-AGENT-REF: control yfi..._minute_yfinance&quot;,\n    &quot;is_market_open&quot;,\n    &quot;get_last_available_bar&quot;,\n    &quot;fh_fetcher&quot;,\n    &quot;get_minute_df&quot;,\n]\n')&#10; +    where &lt;function search at 0x7ff8f111a200&gt; = re.search">def test_data_fetcher_json_decode_is_valueerror_only():
        src = _source(df_mod)
        # The JSON decode guard around resp.json() should not be broad
&gt;       assert re.search(r"resp\.json\(\)\n\s*except ValueError:\n\s*payload\s*=\s*\{\}", src)
E       assert None
E        +  where None = &lt;function search at 0x7ff8f111a200&gt;('resp\\.json\\(\\)\\n\\s*except ValueError:\\n\\s*payload\\s*=\\s*\\{\\}', 'from __future__ import annotations\n\nimport datetime as _dt\nimport os\nimport warnings  # AI-AGENT-REF: control yfi..._minute_yfinance",\n    "is_market_open",\n    "get_last_available_bar",\n    "fh_fetcher",\n    "get_minute_df",\n]\n')
E        +    where &lt;function search at 0x7ff8f111a200&gt; = re.search

tests/runtime/test_exception_narrowing_df_main.py:23: AssertionError</failure></testcase><testcase classname="tests.runtime.test_exception_narrowing_df_main" name="test_main_get_int_env_narrows_to_valueerror" time="0.002" /><testcase classname="tests.runtime.test_exception_narrowing_df_main" name="test_main_validate_runtime_config_wrapper_is_valueerror" time="0.002" /><testcase classname="tests.runtime.test_exception_narrowing_df_main" name="test_start_api_with_signal_uses_specific_errors" time="0.002" /><testcase classname="tests.test_alpha_quality" name="test_fixed_horizon_return" time="0.015" /><testcase classname="tests.runtime.test_http_wrapped" name="test_wrapped_get_retries_and_parses" time="0.002"><failure message="Exception: boom">monkeypatch = &lt;_pytest.monkeypatch.MonkeyPatch object at 0x7ff8d3d471d0&gt;

    def test_wrapped_get_retries_and_parses(monkeypatch):
        calls = []
    
        def fake_request(self, method, url, **kwargs):
            calls.append(kwargs)
            assert kwargs["timeout"] == clamp_timeout(None, default_non_test=HTTP_TIMEOUT)
            if len(calls) == 1:
                raise requests.exceptions.RequestException("boom")
            return DummyResp({"ok": True})
    
        # Patch session.request used by wrapper
        monkeypatch.setattr(requests.Session, "request", fake_request)
        # Patch requests.get per requirement, though wrapper uses session
        monkeypatch.setattr(requests, "get", lambda url, **kw: fake_request(None, "GET", url, **kw))
    
&gt;       resp = http.get("https://example.com")

tests/runtime/test_http_wrapped.py:29: 
_ _ _ _ _ _ _ _ _ _ _ _ _ _ _ _ _ _ _ _ _ _ _ _ _ _ _ _ _ _ _ _ _ _ _ _ _ _ _ _ _ _ _ _ _ _ _ _ _ _ _ _ _ _ _ _ _ _ _ _ _ _ _ _ 
ai_trading/utils/http.py:196: in get
    return request("GET", url, **kwargs)
ai_trading/utils/http.py:131: in request
    resp = retry_call(
ai_trading/utils/retry.py:31: in retry_call
    return func(*args, **kwargs)
ai_trading/utils/http.py:119: in _do_request
    return sess.request(method, url, **kwargs)
_ _ _ _ _ _ _ _ _ _ _ _ _ _ _ _ _ _ _ _ _ _ _ _ _ _ _ _ _ _ _ _ _ _ _ _ _ _ _ _ _ _ _ _ _ _ _ _ _ _ _ _ _ _ _ _ _ _ _ _ _ _ _ _ 

self = &lt;requests.sessions.Session object at 0x7ff8d80b4710&gt;, method = 'GET', url = 'https://example.com'
kwargs = {'timeout': 0.25}, @py_assert0 = None, @py_assert4 = None, @py_assert7 = None, @py_assert2 = None

    def fake_request(self, method, url, **kwargs):
        calls.append(kwargs)
        assert kwargs["timeout"] == clamp_timeout(None, default_non_test=HTTP_TIMEOUT)
        if len(calls) == 1:
&gt;           raise requests.exceptions.RequestException("boom")
E           Exception: boom

tests/runtime/test_http_wrapped.py:21: Exception</failure></testcase><testcase classname="tests.test_alpha_quality" name="test_no_leakage_validation" time="0.025" /><testcase classname="tests.runtime.test_import_contract_cli" name="test_import_contract_ok" time="0.206" /><testcase classname="tests.test_alpha_quality" name="test_slippage_calculation" time="0.010" /><testcase classname="tests.test_critical_fixes_focused" name="test_position_sizing_minimum_viable" time="0.002" /><testcase classname="tests.test_alpha_quality" name="test_rl_reward_penalties" time="0.004" /><testcase classname="tests.test_critical_fixes_focused" name="test_meta_learning_price_conversion" time="0.010" /><testcase classname="tests.test_alpha_quality" name="test_model_registry" time="0.006"><failure message="_pickle.PicklingError: Can't pickle &lt;class 'unittest.mock.Mock'&gt;: it's not the same object as unittest.mock.Mock">def test_model_registry():
        """Test model registry functionality."""
        try:
            import os
            import tempfile
    
            from ai_trading.model_registry import ModelRegistry
    
            # Create temporary directory for testing
            with tempfile.TemporaryDirectory() as temp_dir:
                registry = ModelRegistry(temp_dir)
    
                # Create a mock model
                mock_model = Mock()
                mock_model.__class__.__name__ = "MockModel"
    
                metadata = {
                    "training_date": "2024-01-01",
                    "cv_score": 0.85,
                    "feature_count": 10
                }
    
                # Register model
&gt;               model_id = registry.register_model(
                    model=mock_model,
                    strategy="test_strategy",
                    model_type="mock",
                    metadata=metadata
                )

tests/test_alpha_quality.py:157: 
_ _ _ _ _ _ _ _ _ _ _ _ _ _ _ _ _ _ _ _ _ _ _ _ _ _ _ _ _ _ _ _ _ _ _ _ _ _ _ _ _ _ _ _ _ _ _ _ _ _ _ _ _ _ _ _ _ _ _ _ _ _ _ _ 

self = &lt;ai_trading.model_registry.ModelRegistry object at 0x7f8d853fd990&gt;, model = &lt;MockModel id='140245802133392'&gt;
strategy = 'test_strategy', model_type = 'mock'
metadata = {'cv_score': 0.85, 'feature_count': 10, 'training_date': '2024-01-01'}, dataset_fingerprint = None, tags = None

    def register_model(
        self,
        model: Any,
        strategy: str,
        model_type: str,
        metadata: dict[str, Any] | None = None,
        dataset_fingerprint: str | None = None,
        tags: list[str] | None = None,
    ) -&gt; str:
        """Store model + metadata and return deterministic ID."""
        try:
&gt;           blob = pickle.dumps(model)
E           _pickle.PicklingError: Can't pickle &lt;class 'unittest.mock.Mock'&gt;: it's not the same object as unittest.mock.Mock

ai_trading/model_registry.py:65: PicklingError</failure></testcase><testcase classname="tests.test_critical_fixes_focused" name="test_liquidity_minimum_position" time="0.003" /><testcase classname="tests.test_critical_fixes_focused" name="test_stale_data_bypass_startup" time="0.003" /><testcase classname="tests.test_alpha_quality" name="test_walk_forward_monotone_timeline" time="0.003" /><testcase classname="tests.test_critical_fixes_focused" name="test_rfc3339_timestamp_api_format" time="0.002" /><testcase classname="tests.test_critical_fixes_implementation" name="test_metrics_division_by_zero_protection" time="0.008" /><testcase classname="tests.test_alpha_quality" name="test_feature_pipeline_no_leakage" time="0.007" /><testcase classname="tests.test_api_settings" name="test_api_host_port_defaults_present" time="0.003" /><testcase classname="tests.test_critical_fixes_implementation" name="test_algorithm_optimizer_thread_safety" time="0.013" /><testcase classname="tests.test_artifacts_directories" name="test_walkforward_artifacts_directory" time="0.010"><failure message="ModuleNotFoundError: No module named 'sklearn.model_selection'; 'sklearn' is not a package">def test_walkforward_artifacts_directory():
        """Test that walkforward creates artifacts directory with env override."""
        with tempfile.TemporaryDirectory() as temp_dir:
            # Set custom artifacts directory
            custom_artifacts = os.path.join(temp_dir, "custom_artifacts")
            os.environ["ARTIFACTS_DIR"] = custom_artifacts
    
            try:
                # Import and create evaluator
&gt;               from ai_trading.evaluation.walkforward import WalkForwardEvaluator

tests/test_artifacts_directories.py:19: 
_ _ _ _ _ _ _ _ _ _ _ _ _ _ _ _ _ _ _ _ _ _ _ _ _ _ _ _ _ _ _ _ _ _ _ _ _ _ _ _ _ _ _ _ _ _ _ _ _ _ _ _ _ _ _ _ _ _ _ _ _ _ _ _ 
ai_trading/evaluation/walkforward.py:41: in &lt;module&gt;
    from ..data.splits import walkforward_splits
_ _ _ _ _ _ _ _ _ _ _ _ _ _ _ _ _ _ _ _ _ _ _ _ _ _ _ _ _ _ _ _ _ _ _ _ _ _ _ _ _ _ _ _ _ _ _ _ _ _ _ _ _ _ _ _ _ _ _ _ _ _ _ _ 

    """
    Time series cross-validation splits with purging and embargo.
    
    Provides leak-proof data splitting for financial time series,
    including purged group time series splits and walk-forward analysis.
    """
    
    from collections.abc import Iterator
    from datetime import datetime, timedelta
    
    import numpy as np
    import pandas as pd
    
    # sklearn is a hard dependency
&gt;   from sklearn.model_selection import BaseCrossValidator
E   ModuleNotFoundError: No module named 'sklearn.model_selection'; 'sklearn' is not a package

ai_trading/data/splits.py:15: ModuleNotFoundError</failure></testcase><testcase classname="tests.test_critical_fixes_implementation" name="test_sentiment_cache_memory_leak_prevention" time="0.005"><failure message="NameError: name 'requests' is not defined">from __future__ import annotations
    
    from functools import lru_cache
    
    try:  # AI-AGENT-REF: optional cachetools TTL cache
&gt;       from cachetools import TTLCache
E       ModuleNotFoundError: No module named 'cachetools'

ai_trading/predict.py:6: ModuleNotFoundError

During handling of the above exception, another exception occurred:

    def test_sentiment_cache_memory_leak_prevention():
        """Test sentiment cache prevents memory leaks."""
        # Mock the imports to avoid external dependencies
&gt;       from ai_trading import predict

tests/test_critical_fixes_implementation.py:99: 
_ _ _ _ _ _ _ _ _ _ _ _ _ _ _ _ _ _ _ _ _ _ _ _ _ _ _ _ _ _ _ _ _ _ _ _ _ _ _ _ _ _ _ _ _ _ _ _ _ _ _ _ _ _ _ _ _ _ _ _ _ _ _ _ 

    from __future__ import annotations
    
    from functools import lru_cache
    
    try:  # AI-AGENT-REF: optional cachetools TTL cache
        from cachetools import TTLCache
    
        _CACHETOOLS_AVAILABLE = True
        _sentiment_cache = TTLCache(maxsize=1000, ttl=3600)
&gt;   except (requests.RequestException, TimeoutError):
E   NameError: name 'requests' is not defined

ai_trading/predict.py:10: NameError</failure></testcase><testcase classname="tests.test_critical_fixes_implementation" name="test_circular_buffer_memory_efficiency" time="0.002" /><testcase classname="tests.test_critical_fixes_implementation" name="test_incremental_indicators" time="0.002" /><testcase classname="tests.test_critical_fixes_implementation" name="test_market_data_validation" time="0.014" /><testcase classname="tests.test_artifacts_directories" name="test_model_registry_directory" time="0.005" /><testcase classname="tests.test_audit_column_fix" name="test_log_trade" time="0.005" /><testcase classname="tests.test_critical_fixes_implementation" name="test_security_manager" time="0.014"><failure message="ModuleNotFoundError: No module named 'cryptography'">def test_security_manager():
        """Test security manager functionality."""
        sys.path.append('ai_trading')
&gt;       from security import mask_sensitive_data

tests/test_critical_fixes_implementation.py:228: 
_ _ _ _ _ _ _ _ _ _ _ _ _ _ _ _ _ _ _ _ _ _ _ _ _ _ _ _ _ _ _ _ _ _ _ _ _ _ _ _ _ _ _ _ _ _ _ _ _ _ _ _ _ _ _ _ _ _ _ _ _ _ _ _ 

    """Security enhancements for production trading platform.
    
    Provides secure configuration with encryption for API keys,
    comprehensive audit logging for compliance, and prevents
    API key exposure in logs and error messages.
    
    AI-AGENT-REF: Security enhancements for institutional-grade trading
    """
    
    from __future__ import annotations
    
    import base64
    import json
    import logging
    import os
    import secrets
    from dataclasses import dataclass
    from datetime import UTC, datetime
    from enum import Enum
    from pathlib import Path
    from typing import Any
    
    # Optional cryptography import; tests may run without the package
    try:  # AI-AGENT-REF: handle missing cryptography gracefully
&gt;       from cryptography.fernet import Fernet
E       ModuleNotFoundError: No module named 'cryptography'

ai_trading/security.py:25: ModuleNotFoundError</failure></testcase><testcase classname="tests.test_audit_column_fix" name="test_csv_column_alignment" time="0.003" /><testcase classname="tests.test_audit_column_fix" name="test_no_uuid_corruption" time="0.003" /><testcase classname="tests.test_audit_smoke" name="test_log_trade" time="0.003" /><testcase classname="tests.test_backtest_smoke" name="test_backtester_engine_basic" time="0.017"><skipped type="pytest.xfail" message="minimal data may produce no trades" /></testcase><testcase classname="tests.runtime.test_import_contract_cli" name="test_import_contract_timeout_simulated" time="0.225"><failure message="AssertionError: assert 'TIMEOUT' in (('' or ''))&#10; +  where '' = CompletedProcess(args=['/root/.pyenv/versions/3.11.12/bin/python3.11', '/workspace/ai-trading-bot/tools/import_contract.py', '--ci', '--timeout', '0.1', '--modules', 'sys'], returncode=124, stdout='', stderr='').stderr">monkeypatch = &lt;_pytest.monkeypatch.MonkeyPatch object at 0x7ff8d3d46010&gt;

    def test_import_contract_timeout_simulated(monkeypatch):
        env = os.environ.copy()
        env["IMPORT_CONTRACT_SIMULATE_HANG"] = "1"
        cp = subprocess.run(
            [sys.executable, _script_path(), "--ci", "--timeout", "0.1", "--modules", "sys"],
            capture_output=True,
            text=True,
            env=env,
            check=False,
        )
        assert cp.returncode != 0
&gt;       assert "TIMEOUT" in (cp.stderr or "")
E       AssertionError: assert 'TIMEOUT' in (('' or ''))
E        +  where '' = CompletedProcess(args=['/root/.pyenv/versions/3.11.12/bin/python3.11', '/workspace/ai-trading-bot/tools/import_contract.py', '--ci', '--timeout', '0.1', '--modules', 'sys'], returncode=124, stdout='', stderr='').stderr

tests/runtime/test_import_contract_cli.py:32: AssertionError</failure></testcase><testcase classname="tests.test_critical_fixes_implementation" name="test_configuration_validation" time="0.004" /><testcase classname="tests.test_critical_fixes_implementation" name="test_dependency_injection" time="0.011"><failure message="NameError: name 'MockConfigManager' is not defined">def test_dependency_injection():
        """Test dependency injection container."""
        sys.path.append('ai_trading')
        from core.interfaces import IConfigManager, SimpleDependencyContainer
    
        container = SimpleDependencyContainer()
    
        # Mock implementation
        # Register implementation
&gt;       container.register(IConfigManager, MockConfigManager)
E       NameError: name 'MockConfigManager' is not defined

tests/test_critical_fixes_implementation.py:260: NameError</failure></testcase><testcase classname="tests.test_critical_fixes_implementation" name="test_performance_optimizations" time="0.004"><failure message="AttributeError: 'IndicatorManager' object has no attribute 'create_indicator'">def test_performance_optimizations():
        """Test performance optimizations work correctly."""
        sys.path.append('ai_trading')
        from indicator_manager import IndicatorManager, IndicatorType
    
        manager = IndicatorManager()
    
        # Create indicators
&gt;       sma_id = manager.create_indicator(IndicatorType.SIMPLE_MOVING_AVERAGE, "TEST", 5)
E       AttributeError: 'IndicatorManager' object has no attribute 'create_indicator'

tests/test_critical_fixes_implementation.py:282: AttributeError</failure></testcase><testcase classname="tests.test_critical_fixes_simple" name="test_timestamp_format_includes_timezone" time="0.003" /><testcase classname="tests.test_critical_fixes_simple" name="test_position_sizing_minimum_viable" time="0.002" /><testcase classname="tests.test_critical_fixes_simple" name="test_meta_learning_price_conversion" time="0.002" /><testcase classname="tests.test_critical_fixes_simple" name="test_liquidity_minimum_position" time="0.002" /><testcase classname="tests.test_critical_fixes_simple" name="test_stale_data_bypass_startup" time="0.002" /><testcase classname="tests.test_critical_fixes_simple" name="test_rfc3339_timestamp_api_format" time="0.001" /><testcase classname="tests.test_critical_fixes_validation.TestCriticalFixes" name="test_cache_behavior" time="0.002" /><testcase classname="tests.test_critical_fixes_validation.TestCriticalFixes" name="test_data_staleness_detection_improvement" time="0.004"><failure message="AssertionError: True is not false : Regular day should not be detected as holiday">self = &lt;tests.test_critical_fixes_validation.TestCriticalFixes testMethod=test_data_staleness_detection_improvement&gt;

    def test_data_staleness_detection_improvement(self):
        """Test 4: Data Staleness Detection - Weekend/holiday awareness."""
        from ai_trading.utils.base import is_market_holiday, is_weekend
    
        # Test weekend detection
        saturday = datetime(2024, 1, 6, 12, 0, tzinfo=UTC)  # Saturday
        sunday = datetime(2024, 1, 7, 12, 0, tzinfo=UTC)  # Sunday
        monday = datetime(2024, 1, 8, 12, 0, tzinfo=UTC)  # Monday
    
        self.assertTrue(is_weekend(saturday), "Saturday should be detected as weekend")
        self.assertTrue(is_weekend(sunday), "Sunday should be detected as weekend")
        self.assertFalse(is_weekend(monday), "Monday should not be detected as weekend")
    
        # Test holiday detection
        new_years = date(2024, 1, 1)  # New Year's Day
        christmas = date(2024, 12, 25)  # Christmas
        regular_day = date(2024, 3, 15)  # Regular Friday
    
        self.assertTrue(
            is_market_holiday(new_years), "New Year's should be detected as holiday"
        )
        self.assertTrue(
            is_market_holiday(christmas), "Christmas should be detected as holiday"
        )
&gt;       self.assertFalse(
            is_market_holiday(regular_day),
            "Regular day should not be detected as holiday",
        )
E       AssertionError: True is not false : Regular day should not be detected as holiday

tests/test_critical_fixes_validation.py:72: AssertionError</failure></testcase><testcase classname="tests.test_critical_fixes_validation.TestCriticalFixes" name="test_error_handling_robustness" time="0.003" /><testcase classname="tests.test_critical_fixes_validation.TestCriticalFixes" name="test_meta_learning_price_validation" time="0.006"><failure message="AssertionError: 3 != 2 : Should have 2 rows with valid positive prices">self = &lt;tests.test_critical_fixes_validation.TestCriticalFixes testMethod=test_meta_learning_price_validation&gt;

    def test_meta_learning_price_validation(self):
        """Test 2: MetaLearning Data Validation - Price validation logic."""
        # Mock pandas for testing
        try:
            import pandas as pd
    
            # Test data with mixed price types
            test_data = {
                "entry_price": ["100.50", "200", "invalid", "50.25"],
                "exit_price": ["105.75", "195", "0", "55.00"],
                "side": ["buy", "sell", "buy", "sell"],
                "signal_tags": ["momentum", "mean_revert", "momentum", "trend"],
            }
            df = pd.DataFrame(test_data)
    
            # Apply the validation logic from meta_learning.py
            df["entry_price"] = pd.to_numeric(df["entry_price"], errors="coerce")
            df["exit_price"] = pd.to_numeric(df["exit_price"], errors="coerce")
            df = df.dropna(subset=["entry_price", "exit_price"])
    
            # Filter out non-positive prices
            df = df[(df["entry_price"] &gt; 0) &amp; (df["exit_price"] &gt; 0)]
    
            # Should have 2 valid rows (first and last)
&gt;           self.assertEqual(
                len(df), 2, "Should have 2 rows with valid positive prices"
            )
E           AssertionError: 3 != 2 : Should have 2 rows with valid positive prices

tests/test_critical_fixes_validation.py:101: AssertionError</failure></testcase><testcase classname="tests.test_critical_fixes_validation.TestCriticalFixes" name="test_sentiment_circuit_breaker_constants" time="0.002" /><testcase classname="tests.test_critical_fixes_validation.TestCriticalFixes" name="test_systemd_service_configuration" time="0.002"><failure message="AssertionError: 'NoNewPrivileges=true' not found in '[Unit]\nDescription=AI Trading Bot\nAfter=network.target\n\n[Service]\nType=simple\nUser=aiuser\nGroup=aiuser\nWorkingDirectory=/home/aiuser/ai-trading-bot\nEnvironment=PATH=/home/aiuser/ai-trading-bot/venv/bin:/usr/local/sbin:/usr/local/bin:/usr/sbin:/usr/bin\nEnvironment=AI_TRADER_MODEL_MODULE=ai_trading.models.baseline\nEnvironmentFile=-/home/aiuser/ai-trading-bot/.env\nExecStart=/home/aiuser/ai-trading-bot/venv/bin/python -m ai_trading.main\nRestart=always\nRestartSec=10\nStandardOutput=journal\nStandardError=journal\n\n[Install]\nWantedBy=multi-user.target\n' : Should have security restrictions">self = &lt;tests.test_critical_fixes_validation.TestCriticalFixes testMethod=test_systemd_service_configuration&gt;

    def test_systemd_service_configuration(self):
        """Test 3: Service Configuration - systemd service file."""
        service_file = os.path.join(
            os.getcwd(), "packaging", "systemd", "ai-trading.service"
        )
        self.assertTrue(os.path.exists(service_file), "service file should exist")
    
        # Legacy service files should be absent
        self.assertFalse(os.path.exists("ai-trading-bot.service"))
        self.assertFalse(os.path.exists(os.path.join("deploy", "ai-trading.service")))
    
        with open(service_file) as f:
            content = f.read()
    
        # Check key configuration elements
        self.assertIn("User=aiuser", content, "Service should run as aiuser")
        self.assertIn("Group=aiuser", content, "Service should run as aiuser group")
        self.assertIn(
            "WorkingDirectory=/home/aiuser/ai-trading-bot",
            content,
            "Should have correct working directory",
        )
&gt;       self.assertIn(
            "NoNewPrivileges=true", content, "Should have security restrictions"
        )
E       AssertionError: 'NoNewPrivileges=true' not found in '[Unit]\nDescription=AI Trading Bot\nAfter=network.target\n\n[Service]\nType=simple\nUser=aiuser\nGroup=aiuser\nWorkingDirectory=/home/aiuser/ai-trading-bot\nEnvironment=PATH=/home/aiuser/ai-trading-bot/venv/bin:/usr/local/sbin:/usr/local/bin:/usr/sbin:/usr/bin\nEnvironment=AI_TRADER_MODEL_MODULE=ai_trading.models.baseline\nEnvironmentFile=-/home/aiuser/ai-trading-bot/.env\nExecStart=/home/aiuser/ai-trading-bot/venv/bin/python -m ai_trading.main\nRestart=always\nRestartSec=10\nStandardOutput=journal\nStandardError=journal\n\n[Install]\nWantedBy=multi-user.target\n' : Should have security restrictions

tests/test_critical_fixes_validation.py:137: AssertionError</failure></testcase><testcase classname="tests.test_critical_issue_fixes.TestCriticalIssueFixes" name="test_issue_1_meta_learning_trigger_exists" time="0.002" /><testcase classname="tests.test_critical_issue_fixes.TestCriticalIssueFixes" name="test_issue_2_sentiment_circuit_breaker_thresholds" time="0.003" /><testcase classname="tests.test_bars_fallback" name="test_resample_minute_to_daily_basic" time="0.048" /><testcase classname="tests.test_critical_issue_fixes.TestCriticalIssueFixes" name="test_issue_3_quantity_tracking_logging" time="0.002" /><testcase classname="tests.test_critical_issue_fixes.TestCriticalIssueFixes" name="test_issue_4_position_limit_increase" time="0.002" /><testcase classname="tests.test_critical_issues_resolution.TestCriticalIssuesResolution" name="test_market_data_validation_logic" time="0.002" /><testcase classname="tests.test_dual_schema_credentials.TestDualSchemaCredentials" name="test_apca_schema_only" time="0.002" /><testcase classname="tests.test_dual_schema_credentials.TestDualSchemaCredentials" name="test_alpaca_precedence_over_apca" time="0.003" /><testcase classname="tests.test_dual_schema_credentials.TestDualSchemaCredentials" name="test_mixed_schema_alpaca_key_apca_secret" time="0.002" /><testcase classname="tests.test_dual_schema_credentials.TestDualSchemaCredentials" name="test_mixed_schema_apca_key_alpaca_secret" time="0.002" /><testcase classname="tests.test_dual_schema_credentials.TestDualSchemaCredentials" name="test_default_base_url_when_missing" time="0.002" /><testcase classname="tests.test_dual_schema_credentials.TestDualSchemaCredentials" name="test_missing_credentials" time="0.002" /><testcase classname="tests.test_dual_schema_credentials.TestDualSchemaCredentials" name="test_partial_credentials_api_key_only" time="0.012" /><testcase classname="tests.test_dual_schema_credentials.TestDualSchemaCredentials" name="test_partial_credentials_secret_key_only" time="0.003" /><testcase classname="tests.test_dual_schema_credentials.TestDualSchemaCredentials" name="test_warn_duplicate_env_keys_conflicting" time="0.005" /><testcase classname="tests.test_bars_timeframe_feed_canonicalization" name="test_canonicalizers_map_weird_values_to_safe_defaults" time="0.002" /><testcase classname="tests.test_bars_timeframe_feed_canonicalization" name="test_safe_get_stock_bars_uses_canonicalized_values" time="0.354" /><testcase classname="tests.test_dual_schema_credentials.TestDualSchemaCredentials" name="test_warn_duplicate_env_keys_no_conflict" time="0.004" /><testcase classname="tests.test_dual_schema_credentials.TestDualSchemaCredentials" name="test_validate_alpaca_credentials_skip_in_testing" time="0.002" /><testcase classname="tests.test_dual_schema_credentials.TestDualSchemaCredentials" name="test_validate_alpaca_credentials_missing_production" time="0.003" /><testcase classname="tests.test_dual_schema_credentials.TestDualSchemaCredentials" name="test_validate_alpaca_credentials_success_alpaca_schema" time="0.003" /><testcase classname="tests.test_dual_schema_credentials.TestDualSchemaCredentials" name="test_validate_alpaca_credentials_success_apca_schema" time="0.004" /><testcase classname="tests.test_dual_schema_credentials.TestDualSchemaCredentials" name="test_validate_alpaca_credentials_partial_key_only" time="0.002" /><testcase classname="tests.test_dual_schema_credentials.TestDualSchemaCredentials" name="test_validate_alpaca_credentials_partial_secret_only" time="0.003" /><testcase classname="tests.test_dynamic_position_sizing" name="test_auto_mode_resolves_from_equity_and_capital_cap" time="0.002" /><testcase classname="tests.runtime.test_no_broad_except_in_hotpaths" name="test_no_broad_except_in_hotpaths" time="1.079" /><testcase classname="tests.test_dynamic_position_sizing" name="test_auto_mode_fallback_on_error" time="0.002" /><testcase classname="tests.test_ellipsis_fix.TestEllipsisFix" name="test_get_runtime_context_or_none" time="0.005" /><testcase classname="tests.test_ellipsis_fix.TestEllipsisFix" name="test_get_runtime_context_or_none_error" time="0.003"><failure message="Exception: Context unavailable">self = &lt;tests.test_ellipsis_fix.TestEllipsisFix testMethod=test_get_runtime_context_or_none_error&gt;

    def test_get_runtime_context_or_none_error(self):
        """Test runtime context accessor handles errors gracefully."""
        with patch('ai_trading.core.bot_engine.get_ctx') as mock_get_ctx:
            with patch('ai_trading.core.bot_engine._log') as mock_log:
                # Test error handling
                mock_get_ctx.side_effect = Exception("Context unavailable")
    
&gt;               result = _get_runtime_context_or_none()

tests/test_ellipsis_fix.py:96: 
_ _ _ _ _ _ _ _ _ _ _ _ _ _ _ _ _ _ _ _ _ _ _ _ _ _ _ _ _ _ _ _ _ _ _ _ _ _ _ _ _ _ _ _ _ _ _ _ _ _ _ _ _ _ _ _ _ _ _ _ _ _ _ _ 
ai_trading/core/bot_engine.py:5596: in _get_runtime_context_or_none
    lbc = get_ctx()
/root/.pyenv/versions/3.11.12/lib/python3.11/unittest/mock.py:1124: in __call__
    return self._mock_call(*args, **kwargs)
/root/.pyenv/versions/3.11.12/lib/python3.11/unittest/mock.py:1128: in _mock_call
    return self._execute_mock_call(*args, **kwargs)
_ _ _ _ _ _ _ _ _ _ _ _ _ _ _ _ _ _ _ _ _ _ _ _ _ _ _ _ _ _ _ _ _ _ _ _ _ _ _ _ _ _ _ _ _ _ _ _ _ _ _ _ _ _ _ _ _ _ _ _ _ _ _ _ 

self = &lt;MagicMock name='get_ctx' id='140684882813392'&gt;, args = (), kwargs = {}, effect = Exception('Context unavailable')

    def _execute_mock_call(self, /, *args, **kwargs):
        # separate from _increment_mock_call so that awaited functions are
        # executed separately from their call, also AsyncMock overrides this method
    
        effect = self.side_effect
        if effect is not None:
            if _is_exception(effect):
&gt;               raise effect
E               Exception: Context unavailable

/root/.pyenv/versions/3.11.12/lib/python3.11/unittest/mock.py:1183: Exception</failure></testcase><testcase classname="tests.test_cli_smoke" name="test_ai_backtest_dry_run_exits_zero" time="0.832" /><testcase classname="tests.test_batch_paths" name="test_regime_batch" time="0.009" /><testcase classname="tests.test_batch_paths" name="test_pretrade_batch" time="0.005" /><testcase classname="tests.test_batch_paths" name="test_intraday_entries_and_exits" time="0.005" /><testcase classname="tests.test_bot" name="test_screen_candidates_empty" time="0.006" /><testcase classname="tests.test_bot_engine" name="test_prepare_indicators_creates_required_columns" time="0.009" /><testcase classname="tests.test_bot_engine" name="test_prepare_indicators_insufficient_data" time="0.009" /><testcase classname="tests.test_bot_engine" name="test_prepare_indicators_all_nan_columns" time="0.007" /><testcase classname="tests.test_bot_engine_edge_cases" name="test_prepare_indicators_missing_close_column" time="0.002" /><testcase classname="tests.test_bot_engine_edge_cases" name="test_prepare_indicators_non_numeric_close" time="0.002" /><testcase classname="tests.test_bot_engine_edge_cases" name="test_prepare_indicators_empty_dataframe" time="0.002" /><testcase classname="tests.test_bot_engine_edge_cases" name="test_prepare_indicators_single_row" time="0.008" /><testcase classname="tests.test_bot_engine_imports.TestBotEngineImports" name="test_model_pipeline_import_fallback" time="0.003" /><testcase classname="tests.test_bot_engine_imports.TestBotEngineImports" name="test_model_pipeline_import_fallback_to_legacy" time="0.003" /><testcase classname="tests.test_bot_engine_imports.TestBotEngineImports" name="test_import_robustness_when_both_fail" time="0.010" /><testcase classname="tests.test_data_fetcher" name="test_fetch_minute_df_safe_no_retry" time="0.003"><failure message="ImportError: cannot import name 'last_minute_bar_age_seconds' from 'ai_trading.data_fetcher' (unknown location)">monkeypatch = &lt;_pytest.monkeypatch.MonkeyPatch object at 0x7f8d854d9dd0&gt;

    def test_fetch_minute_df_safe_no_retry(monkeypatch):
        calls = []
    
        def fake_get(sym, start, end):
            calls.append(1)
            return pd.DataFrame({"close": [1]}, index=[pd.Timestamp("2023-01-01")])
    
        monkeypatch.setattr("ai_trading.core.bot_engine.get_minute_df", fake_get)
&gt;       result = fetch_minute_df_safe("AAPL")

tests/test_data_fetcher.py:246: 
_ _ _ _ _ _ _ _ _ _ _ _ _ _ _ _ _ _ _ _ _ _ _ _ _ _ _ _ _ _ _ _ _ _ _ _ _ _ _ _ _ _ _ _ _ _ _ _ _ _ _ _ _ _ _ _ _ _ _ _ _ _ _ _ 
ai_trading/core/bot_engine.py:2060: in fetch_minute_df_safe
    _ensure_data_fresh(symbols=[symbol], max_age_seconds=600)
_ _ _ _ _ _ _ _ _ _ _ _ _ _ _ _ _ _ _ _ _ _ _ _ _ _ _ _ _ _ _ _ _ _ _ _ _ _ _ _ _ _ _ _ _ _ _ _ _ _ _ _ _ _ _ _ _ _ _ _ _ _ _ _ 

symbols = ['AAPL'], max_age_seconds = 600

    def _ensure_data_fresh(symbols, max_age_seconds: int) -&gt; None:
        """
        Validate that the cached minute data for each symbol is recent enough.
        Logs UTC timestamps and fails fast if any symbol is stale.
        """
        try:
&gt;           from ai_trading.data_fetcher import last_minute_bar_age_seconds
E           ImportError: cannot import name 'last_minute_bar_age_seconds' from 'ai_trading.data_fetcher' (unknown location)

ai_trading/core/bot_engine.py:5792: ImportError</failure></testcase><testcase classname="tests.test_broker_alpaca" name="test_list_open_positions_returns_objects" time="0.002" /><testcase classname="tests.test_broker_alpaca" name="test_get_open_position_uses_sdk_then_falls_back" time="0.002" /><testcase classname="tests.test_broker_alpaca_adapter" name="test_adapter_orders_new" time="0.002" /><testcase classname="tests.test_broker_alpaca_adapter" name="test_adapter_orders_old" time="0.002" /><testcase classname="tests.test_broker_alpaca_adapter" name="test_positions_and_account_old" time="0.002"><failure message="AssertionError: assert [] == ['pos-old']&#10;  &#10;  Right contains one more item: 'pos-old'&#10;  Use -v to get more diff">def test_positions_and_account_old():
        fake = FakeOld()
        b = AlpacaBroker(fake)
&gt;       assert b.list_open_positions() == ["pos-old"]
E       AssertionError: assert [] == ['pos-old']
E         
E         Right contains one more item: 'pos-old'
E         Use -v to get more diff

tests/test_broker_alpaca_adapter.py:86: AssertionError</failure></testcase><testcase classname="tests.test_broker_unavailable_paths" name="test_safe_account_none" time="0.004"><failure message="AttributeError: '_TClient' object has no attribute 'get_account'">def test_safe_account_none():
        # AI-AGENT-REF: ensure None is returned when Alpaca client missing
        ctx = SimpleNamespace(api=None)
&gt;       assert safe_alpaca_get_account(ctx) is None

tests/test_broker_unavailable_paths.py:10: 
_ _ _ _ _ _ _ _ _ _ _ _ _ _ _ _ _ _ _ _ _ _ _ _ _ _ _ _ _ _ _ _ _ _ _ _ _ _ _ _ _ _ _ _ _ _ _ _ _ _ _ _ _ _ _ _ _ _ _ _ _ _ _ _ 
ai_trading/core/bot_engine.py:1617: in _wrapped
    return func(*a, **kw)
ai_trading/core/bot_engine.py:3288: in safe_alpaca_get_account
    return ctx.api.get_account()
_ _ _ _ _ _ _ _ _ _ _ _ _ _ _ _ _ _ _ _ _ _ _ _ _ _ _ _ _ _ _ _ _ _ _ _ _ _ _ _ _ _ _ _ _ _ _ _ _ _ _ _ _ _ _ _ _ _ _ _ _ _ _ _ 

self = &lt;ai_trading.broker.alpaca.AlpacaBroker object at 0x7f3d4530bcd0&gt;

    def get_account(self) -&gt; Any:
        if self._is_new:
            return self._call_with_retry("get_account", self._api.get_account)
&gt;       return self._call_with_retry("get_account", self._api.get_account)
E       AttributeError: '_TClient' object has no attribute 'get_account'

ai_trading/broker/alpaca.py:281: AttributeError</failure></testcase><testcase classname="tests.test_cli_smoke" name="test_ai_health_dry_run_exits_zero" time="0.812" /><testcase classname="tests.runtime.test_no_broad_except_stage2" name="test_stage2_modules_have_no_broad_except" time="0.244" /><testcase classname="tests.test_ellipsis_fix.TestEllipsisFix" name="test_json_formatter_log_trading_event_unicode" time="0.004" /><testcase classname="tests.test_ellipsis_fix.TestEllipsisFix" name="test_json_formatter_unicode_ensure_ascii_false" time="0.002" /><testcase classname="tests.test_ellipsis_fix.TestEllipsisFix" name="test_update_risk_engine_exposure_error" time="0.004"><failure message="AssertionError: Expected 'warning' to have been called once. Called 0 times.">self = &lt;tests.test_ellipsis_fix.TestEllipsisFix testMethod=test_update_risk_engine_exposure_error&gt;

    def test_update_risk_engine_exposure_error(self):
        """Test risk exposure update handles errors gracefully."""
        with patch('ai_trading.core.bot_engine._get_runtime_context_or_none') as mock_get_ctx:
            with patch('ai_trading.core.bot_engine._log') as mock_log:
                # Setup mock context with failing risk engine
                mock_context = Mock()
                mock_risk_engine = Mock()
                mock_risk_engine.update_exposure.side_effect = Exception("Update failed")
                mock_context.risk_engine = mock_risk_engine
                mock_get_ctx.return_value = mock_context
    
                _update_risk_engine_exposure()
    
                # Should log warning about failure
&gt;               mock_log.warning.assert_called_once()

tests/test_ellipsis_fix.py:154: 
_ _ _ _ _ _ _ _ _ _ _ _ _ _ _ _ _ _ _ _ _ _ _ _ _ _ _ _ _ _ _ _ _ _ _ _ _ _ _ _ _ _ _ _ _ _ _ _ _ _ _ _ _ _ _ _ _ _ _ _ _ _ _ _ 

self = &lt;MagicMock name='_log.warning' id='140684884164048'&gt;

    def assert_called_once(self):
        """assert that the mock was called only once.
        """
        if not self.call_count == 1:
            msg = ("Expected '%s' to have been called once. Called %s times.%s"
                   % (self._mock_name or 'mock',
                      self.call_count,
                      self._calls_repr()))
&gt;           raise AssertionError(msg)
E           AssertionError: Expected 'warning' to have been called once. Called 0 times.

/root/.pyenv/versions/3.11.12/lib/python3.11/unittest/mock.py:918: AssertionError</failure></testcase><testcase classname="tests.test_additional_coverage" name="test_config_missing_vars" time="0.002" /><testcase classname="tests.test_additional_coverage" name="test_get_env_reload" time="0.002" /><testcase classname="tests.test_additional_coverage" name="test_create_flask_routes" time="0.029" /><testcase classname="tests.test_additional_coverage" name="test_main_starts_api_thread" time="0.005"><failure message="ValueError: &quot;Settings&quot; object has no field &quot;max_position_size&quot;">monkeypatch = &lt;_pytest.monkeypatch.MonkeyPatch object at 0x7ff8d37b6a10&gt;

    def test_main_starts_api_thread(monkeypatch):
        """main launches the API thread and runs a cycle."""
        monkeypatch.setenv("SCHEDULER_ITERATIONS", "1")
        # AI-AGENT-REF: Mock required environment variables for validation
        monkeypatch.setenv("WEBHOOK_SECRET", "test_secret")
        monkeypatch.setenv("ALPACA_API_KEY", "test_key")
        # AI-AGENT-REF: Use environment variables to avoid hardcoded secrets
        monkeypatch.setenv("TEST_ALPACA_SECRET_KEY", "test_secret_key")
    
        # AI-AGENT-REF: Mock the config object directly to ensure environment validation passes
        monkeypatch.setattr(main, "config", MockConfig())
    
        called = {}
    
        class DummyThread:
            def __init__(self, target, args=(), daemon=None):
                called["created"] = True
                self.target = target
                self.args = args
    
            def start(self):
                called["started"] = True
                self.target(*self.args)
    
            def is_alive(self):
                # AI-AGENT-REF: Add missing is_alive method to prevent AttributeError
                return True
    
        monkeypatch.setattr(main, "Thread", DummyThread)
        # AI-AGENT-REF: Fix lambda signature to accept ready_signal parameter
        monkeypatch.setattr(
            main, "start_api", lambda ready_signal=None: called.setdefault("api", True)
        )
        monkeypatch.setattr(
            main,
            "run_cycle",
            lambda: called.setdefault("cycle", 0)
            or called.update(cycle=called.get("cycle", 0) + 1),
        )
        monkeypatch.setattr(main.time, "sleep", lambda s: None)
    
&gt;       main.main()

tests/test_additional_coverage.py:134: 
_ _ _ _ _ _ _ _ _ _ _ _ _ _ _ _ _ _ _ _ _ _ _ _ _ _ _ _ _ _ _ _ _ _ _ _ _ _ _ _ _ _ _ _ _ _ _ _ _ _ _ _ _ _ _ _ _ _ _ _ _ _ _ _ 
ai_trading/main.py:341: in main
    _validate_runtime_config(config, S)
ai_trading/main.py:166: in _validate_runtime_config
    setattr(tcfg, "max_position_size", float(fallback))
/root/.pyenv/versions/3.11.12/lib/python3.11/site-packages/pydantic/main.py:997: in __setattr__
    elif (setattr_handler := self._setattr_handler(name, value)) is not None:
_ _ _ _ _ _ _ _ _ _ _ _ _ _ _ _ _ _ _ _ _ _ _ _ _ _ _ _ _ _ _ _ _ _ _ _ _ _ _ _ _ _ _ _ _ _ _ _ _ _ _ _ _ _ _ _ _ _ _ _ _ _ _ _ 

[...]
                                 'with capture_output.')
            kwargs['stdout'] = PIPE
            kwargs['stderr'] = PIPE
    
        with Popen(*popenargs, **kwargs) as process:
            try:
                stdout, stderr = process.communicate(input, timeout=timeout)
            except TimeoutExpired as exc:
                process.kill()
                if _mswindows:
                    # Windows accumulates the output in a single blocking
                    # read() call run on child threads, with the timeout
                    # being done in a join() on those threads.  communicate()
                    # _after_ kill() is required to collect that and add it
                    # to the exception.
                    exc.stdout, exc.stderr = process.communicate()
                else:
                    # POSIX _communicate already populated the output so
                    # far into the TimeoutExpired exception.
                    process.wait()
                raise
            except:  # Including KeyboardInterrupt, communicate handled that.
                process.kill()
                # We don't call process.wait() as .__exit__ does that for us.
                raise
            retcode = process.poll()
            if check and retcode:
&gt;               raise CalledProcessError(retcode, process.args,
                                         output=stdout, stderr=stderr)
E               subprocess.CalledProcessError: Command '['/root/.pyenv/versions/3.11.12/bin/python3.11', '/tmp/tmpj6_2y3b9.py']' returned non-zero exit status 1.

/root/.pyenv/versions/3.11.12/lib/python3.11/subprocess.py:571: CalledProcessError</failure></testcase><testcase classname="tests.unit.test_retry" name="test_fast_retry_skips_sleep" time="0.518"><failure message="assert 0.5142596170007891 &lt; 0.01">monkeypatch = &lt;_pytest.monkeypatch.MonkeyPatch object at 0x7f8d84adc490&gt;

    @pytest.mark.unit
    def test_fast_retry_skips_sleep(monkeypatch: pytest.MonkeyPatch) -&gt; None:
        monkeypatch.setenv("FAST_RETRY_IN_TESTS", "1")
    
        calls = {"n": 0}
    
        def func() -&gt; str:
            calls["n"] += 1
            if calls["n"] &lt; 2:
                raise RuntimeError("boom")
            return "done"
    
        start = time.perf_counter()
        result = retry_call(func, exceptions=(RuntimeError,), retries=1, backoff=0.5)
        elapsed = time.perf_counter() - start
        assert result == "done"
        assert calls["n"] == 2
&gt;       assert elapsed &lt; 0.01
E       assert 0.5142596170007891 &lt; 0.01

tests/unit/test_retry.py:64: AssertionError</failure></testcase><testcase classname="tests.unit.test_retry" name="test_retry_raises_after_exhaustion" time="0.715" /><testcase classname="tests.utils.test_http_retry" name="test_get_retries_and_logs" time="0.318" /><testcase classname="tests.utils.test_retry" name="test_retry_succeeds_and_sleeps" time="0.764"><failure message="assert 0 == 2&#10; +  where 0 = len([])">monkeypatch = &lt;_pytest.monkeypatch.MonkeyPatch object at 0x7f8d84adc450&gt;

    def test_retry_succeeds_and_sleeps(monkeypatch: pytest.MonkeyPatch) -&gt; None:
        sleeps: list[float] = []
        monkeypatch.setattr(time, "sleep", lambda s: sleeps.append(s))
        fn = Flaky(2)
        assert retry_call(fn, exceptions=(TimeoutError,), retries=3) == "ok"
        assert fn.calls == 3
&gt;       assert len(sleeps) == 2
E       assert 0 == 2
E        +  where 0 = len([])

tests/utils/test_retry.py:30: AssertionError</failure></testcase><testcase classname="tests.utils.test_portfolio_lock_export" name="test_portfolio_lock_is_exported_and_is_same_object" time="0.002" /><testcase classname="tests.utils.test_retry" name="test_backoff_caps" time="0.904"><failure message="IndexError: list index out of range">monkeypatch = &lt;_pytest.monkeypatch.MonkeyPatch object at 0x7ff3c09da0d0&gt;

    def test_backoff_caps(monkeypatch: pytest.MonkeyPatch) -&gt; None:
        sleeps: list[float] = []
        monkeypatch.setattr(time, "sleep", lambda s: sleeps.append(s))
        fn = Flaky(5)
        with pytest.raises(TimeoutError):
            retry_call(fn, exceptions=(TimeoutError,), retries=4, backoff=0.1, max_backoff=0.3, jitter=0)
&gt;       assert sleeps[-1] &lt;= 0.3
E       IndexError: list index out of range

tests/utils/test_retry.py:45: IndexError</failure></testcase><testcase classname="tests.unit.test_broker_alpaca_import_narrowing" name="test_alpaca_import_without_requests" time="0.004" /><testcase classname="tests.unit.test_health_check" name="test_pre_trade_health_resolves_min_rows_without_ctx_attr" time="0.004" /><testcase classname="tests.utils.test_retry" name="test_non_listed_exception" time="0.003" /><testcase classname="tests.test_critical_trading_issues.TestOrderExecutionTracking" name="test_order_status_polling_integration" time="3.005" /><testcase classname="tests.test_critical_trading_issues.TestOrderExecutionTracking" name="test_safe_submit_order_quantity_validation" time="0.007"><failure message="AttributeError: 'NoneType' object has no attribute 'filled_qty'">self = &lt;tests.test_critical_trading_issues.TestOrderExecutionTracking testMethod=test_safe_submit_order_quantity_validation&gt;

    def test_safe_submit_order_quantity_validation(self):
        """Test that safe_submit_order validates filled_qty matches intended qty."""
    
        # Mock order request
        mock_req = Mock()
        mock_req.symbol = "AAPL"
        mock_req.qty = 100
    
        # Mock order with partial fill
        partial_order = Mock()
        partial_order.status = "partially_filled"
        partial_order.filled_qty = "50"  # Only half filled
        partial_order.qty = "100"
    
        with patch.object(self.mock_ctx.api, 'submit_order', return_value=partial_order), \
             patch.object(self.mock_ctx.api, 'get_order_by_id', return_value=partial_order):
    
            if hasattr(bot_engine, 'safe_submit_order'):
                result = bot_engine.safe_submit_order(self.mock_ctx.api, mock_req)
    
                # The issue: function returns the order but doesn't validate
                # that filled_qty (50) matches intended qty (100)
&gt;               self.assertEqual(result.filled_qty, "50")
E               AttributeError: 'NoneType' object has no attribute 'filled_qty'

tests/test_critical_trading_issues.py:141: AttributeError</failure></testcase><testcase classname="tests.test_critical_trading_issues.TestMetaLearningLogFormat" name="test_audit_to_meta_format_conversion" time="0.009" /><testcase classname="tests.test_critical_trading_issues.TestMetaLearningLogFormat" name="test_meta_learning_empty_log_issue" time="0.003" /><testcase classname="tests.test_critical_trading_issues.TestMetaLearningLogFormat" name="test_mixed_format_detection" time="0.002" /><testcase classname="tests.test_critical_trading_issues.TestLiquidityManagement" name="test_conservative_spread_threshold" time="0.003"><failure message="NotImplementedError">self = &lt;tests.test_critical_trading_issues.TestLiquidityManagement testMethod=test_conservative_spread_threshold&gt;

    def test_conservative_spread_threshold(self):
        """Test that 0.05 spread threshold is too conservative."""
    
        symbol = "AAPL"
    
        # Mock quote with moderate spread
        mock_quote = Mock()
        mock_quote.ask_price = 150.05
        mock_quote.bid_price = 150.00
        mock_quote.spread = 0.05  # Exactly at threshold
    
        # Mock volume data
    
        with patch.object(self.mock_ctx.data_client, 'get_stock_latest_quote', return_value=mock_quote):
            if hasattr(bot_engine, 'liquidity_factor'):
&gt;               bot_engine.liquidity_factor(self.mock_ctx, symbol)

tests/test_critical_trading_issues.py:263: 
_ _ _ _ _ _ _ _ _ _ _ _ _ _ _ _ _ _ _ _ _ _ _ _ _ _ _ _ _ _ _ _ _ _ _ _ _ _ _ _ _ _ _ _ _ _ _ _ _ _ _ _ _ _ _ _ _ _ _ _ _ _ _ _ 
ai_trading/core/bot_engine.py:7169: in liquidity_factor
    df = fetch_minute_df_safe(symbol)
ai_trading/core/bot_engine.py:2047: in fetch_minute_df_safe
    df = get_minute_df(symbol, start_dt, now_utc)
ai_trading/data_fetcher.py:531: in get_minute_df
    fh_fetcher.fetch(symbol, start_dt, end_dt, resolution="1")
_ _ _ _ _ _ _ _ _ _ _ _ _ _ _ _ _ _ _ _ _ _ _ _ _ _ _ _ _ _ _ _ _ _ _ _ _ _ _ _ _ _ _ _ _ _ _ _ _ _ _ _ _ _ _ _ _ _ _ _ _ _ _ _ 

self = &lt;ai_trading.data_fetcher._FinnhubFetcherStub object at 0x7f3d462c2850&gt;
args = ('AAPL', datetime.datetime(2025, 8, 21, 17, 39, 22, 250670, tzinfo=datetime.timezone.utc), datetime.datetime(2025, 8, 22, 17, 39, 22, 250670, tzinfo=datetime.timezone.utc))
kwargs = {'resolution': '1'}

    def fetch(self, *args, **kwargs):
&gt;       raise NotImplementedError
E       NotImplementedError

ai_trading/data_fetcher.py:149: NotImplementedError</failure></testcase><testcase classname="tests.test_critical_trading_issues.TestLiquidityManagement" name="test_pov_slice_reduction_on_spread" time="0.005" /><testcase classname="tests.test_critical_trading_issues.TestLiquidityManagement" name="test_volatility_retry_frequency" time="0.003" /><testcase classname="tests.test_critical_trading_issues.TestResourceManagement" name="test_memory_optimization_available" time="0.003" /><testcase classname="tests.test_critical_trading_issues.TestResourceManagement" name="test_order_submission_lock" time="0.002" /><testcase classname="tests.test_critical_trading_issues.TestResourceManagement" name="test_recent_buys_cleanup" time="0.002" /><testcase classname="tests.test_daily_bars_datetime_sanitization" name="test_daily_request_sanitizes_inputs" time="0.005" /><testcase classname="tests.test_daily_sanitization_retry" name="test_daily_retry_handles_callable" time="0.010" /><testcase classname="tests.test_daily_sanitize_debug" name="test_callable_triggers_single_debug" time="0.005" /><testcase classname="tests.test_data_cache" name="test_mem_cache_ttl_basic" time="0.003" /><testcase classname="tests.test_data_cache" name="test_disk_cache_basic" time="0.005"><failure message="assert None is not None">tmp_path = PosixPath('/tmp/pytest-of-root/pytest-0/popen-gw3/test_disk_cache_basic0')

    def test_disk_cache_basic(tmp_path):
        """Test disk cache functionality"""
        cache_dir = str(tmp_path / "cache")
        df = pd.DataFrame({"timestamp":[1], "open":[2], "high":[3], "low":[1], "close":[2.5], "volume":[1000]})
    
        # Put data in disk cache
        mcache.put_disk(cache_dir, "TSLA", "1H", "2024-01-01", "2024-01-02", df)
    
        # Retrieve from disk cache
        retrieved = mcache.get_disk(cache_dir, "TSLA", "1H", "2024-01-01", "2024-01-02")
&gt;       assert retrieved is not None
E       assert None is not None

tests/test_data_cache.py:25: AssertionError</failure></testcase><testcase classname="tests.test_data_cache" name="test_cache_key_generation" time="0.002" /><testcase classname="tests.test_data_cache" name="test_memory_cache_thread_safety" time="0.022" /><testcase classname="tests.test_data_cache" name="test_settings_integration" time="0.002" /><testcase classname="tests.test_data_fetch" name="test_get_bars_df_spy_day" time="0.002"><failure message="AttributeError: type object '_TFUnit' has no attribute 'Week'">@pytest.mark.requires_credentials
    def test_get_bars_df_spy_day():
        if not (os.getenv("ALPACA_API_KEY") and os.getenv("ALPACA_SECRET_KEY")):
            pytest.skip("missing Alpaca credentials")
&gt;       df = get_bars_df("SPY", TimeFrame.Day)

tests/test_data_fetch.py:20: 
_ _ _ _ _ _ _ _ _ _ _ _ _ _ _ _ _ _ _ _ _ _ _ _ _ _ _ _ _ _ _ _ _ _ _ _ _ _ _ _ _ _ _ _ _ _ _ _ _ _ _ _ _ _ _ _ _ _ _ _ _ _ _ _ 
ai_trading/alpaca_api.py:174: in get_bars_df
    base_tf = tf_raw if isinstance(tf_raw, TimeFrame) else TimeFrame(1, TimeFrameUnit.Day)
/root/.pyenv/versions/3.11.12/lib/python3.11/site-packages/alpaca/data/timeframe.py:40: in __init__
    self.validate_timeframe(amount, unit)
_ _ _ _ _ _ _ _ _ _ _ _ _ _ _ _ _ _ _ _ _ _ _ _ _ _ _ _ _ _ _ _ _ _ _ _ _ _ _ _ _ _ _ _ _ _ _ _ _ _ _ _ _ _ _ _ _ _ _ _ _ _ _ _ 

amount = 1, unit = &lt;TimeFrameUnit.Day: 'Day'&gt;

    @staticmethod
    def validate_timeframe(amount: int, unit: TimeFrameUnit):
        """Validates the amount value against the TimeFrameUnit value for consistency
    
        Args:
            amount (int): The number of multiples of unit
            unit (TimeFrameUnit): The base unit of time interval the TimeFrame is measured by
    
        Raises:
            ValueError: Raised if the values of amount and unit are not consistent with each other
        """
        if amount &lt;= 0:
            raise ValueError("Amount must be a positive integer value.")
    
        if unit == TimeFrameUnit.Minute and amount &gt; 59:
            raise ValueError(
                "Second or Minute units can only be "
                + "used with amounts between 1-59."
            )
    
        if unit == TimeFrameUnit.Hour and amount &gt; 23:
            raise ValueError("Hour units can only be used with amounts 1-23")
    
&gt;       if unit in (TimeFrameUnit.Day, TimeFrameUnit.Week) and amount != 1:
E       AttributeError: type object '_TFUnit' has no attribute 'Week'

/root/.pyenv/versions/3.11.12/lib/python3.11/site-packages/alpaca/data/timeframe.py:94: AttributeError</failure></testcase><testcase classname="tests.test_data_fetch" name="test_bars_time_window_day" time="0.002" /><testcase classname="tests.test_data_fetcher" name="test_get_minute_df" time="0.003"><failure message="NotImplementedError">monkeypatch = &lt;_pytest.monkeypatch.MonkeyPatch object at 0x7f3d461bef90&gt;

    def test_get_minute_df(monkeypatch):
        df = pd.DataFrame(
            {"open": [1.0], "high": [2.0], "low": [0.5], "close": [1.5], "volume": [100]},
            index=[pd.Timestamp("2023-01-01T09:30")],
        )
    
        monkeypatch.setattr(data_fetcher, "_fetch_bars", lambda *a, **k: df.reset_index().rename(columns={"index": "timestamp"}))
        monkeypatch.setattr(data_fetcher, "is_market_open", lambda: True)
&gt;       result = data_fetcher.get_minute_df("AAPL", datetime.date(2023, 1, 1), datetime.date(2023, 1, 2))

tests/test_data_fetcher.py:104: 
_ _ _ _ _ _ _ _ _ _ _ _ _ _ _ _ _ _ _ _ _ _ _ _ _ _ _ _ _ _ _ _ _ _ _ _ _ _ _ _ _ _ _ _ _ _ _ _ _ _ _ _ _ _ _ _ _ _ _ _ _ _ _ _ 
ai_trading/data_fetcher.py:531: in get_minute_df
    fh_fetcher.fetch(symbol, start_dt, end_dt, resolution="1")
_ _ _ _ _ _ _ _ _ _ _ _ _ _ _ _ _ _ _ _ _ _ _ _ _ _ _ _ _ _ _ _ _ _ _ _ _ _ _ _ _ _ _ _ _ _ _ _ _ _ _ _ _ _ _ _ _ _ _ _ _ _ _ _ 

self = &lt;ai_trading.data_fetcher._FinnhubFetcherStub object at 0x7f3d462c2850&gt;
args = ('AAPL', datetime.datetime(2023, 1, 1, 0, 0, tzinfo=datetime.timezone.utc), datetime.datetime(2023, 1, 2, 0, 0, tzinfo=datetime.timezone.utc))
kwargs = {'resolution': '1'}

    def fetch(self, *args, **kwargs):
&gt;       raise NotImplementedError
E       NotImplementedError

ai_trading/data_fetcher.py:149: NotImplementedError</failure></testcase><testcase classname="tests.test_data_fetcher" name="test_subscription_error_logged" time="0.003"><failure message="AttributeError: &lt;module 'ai_trading.data_fetcher' from '/workspace/ai-trading-bot/ai_trading/data_fetcher.py'&gt; has no attribute 'client'">monkeypatch = &lt;_pytest.monkeypatch.MonkeyPatch object at 0x7f3d461bf650&gt;
caplog = &lt;_pytest.logging.LogCaptureFixture object at 0x7f3d46308c90&gt;

    def test_subscription_error_logged(monkeypatch, caplog):
        df = pd.DataFrame(
            {"open": [1.0], "high": [2.0], "low": [0.5], "close": [1.5], "volume": [100]},
            index=[pd.Timestamp("2023-01-01T09:30")],
        )
    
        class DummyClient:
            def get_stock_bars(self, req):
                if getattr(req, "feed", None) == "iex":
                    return FakeBars(df)
                raise data_fetcher.APIError("subscription does not permit querying recent SIP data")
    
&gt;       monkeypatch.setattr(data_fetcher, "client", DummyClient())
E       AttributeError: &lt;module 'ai_trading.data_fetcher' from '/workspace/ai-trading-bot/ai_trading/data_fetcher.py'&gt; has no attribute 'client'

tests/test_data_fetcher.py:120: AttributeError</failure></testcase><testcase classname="tests.test_data_fetcher" name="test_default_feed_constant" time="0.002" /><testcase classname="tests.test_data_fetcher" name="test_fetch_bars_retry_invalid_feed" time="0.003"><failure message="TypeError: _fetch_bars() takes 4 positional arguments but 5 were given">monkeypatch = &lt;_pytest.monkeypatch.MonkeyPatch object at 0x7f3d457704d0&gt;

    def test_fetch_bars_retry_invalid_feed(monkeypatch):
        calls = []
    
        class Resp:
            def __init__(self, status, text, data=None):
                self.status_code = status
                self.text = text
                self._data = data or {}
    
            def json(self):
                return self._data
    
        def fake_get(url, params=None, headers=None, timeout=10):
            calls.append(params["feed"])
            if len(calls) == 1:
                return Resp(400, "invalid feed")
            return Resp(200, "", {"bars": [{"t": "2023-01-01T00:00:00Z", "o": 1, "h": 1, "l": 1, "c": 1, "v": 1}]})
    
        monkeypatch.setattr(data_fetcher.requests, "get", fake_get)
    
        start = pd.Timestamp("2023-01-01", tz="UTC")
        end = start + pd.Timedelta(minutes=1)
&gt;       df = data_fetcher._fetch_bars("AAPL", start, end, "1Min", "iex")
E       TypeError: _fetch_bars() takes 4 positional arguments but 5 were given

tests/test_data_fetcher.py:164: TypeError</failure></testcase><testcase classname="tests.test_data_fetcher" name="test_finnhub_403_yfinance" time="0.002"><failure message="AttributeError: None has no attribute 'download'">monkeypatch = &lt;_pytest.monkeypatch.MonkeyPatch object at 0x7f3d458b6cd0&gt;

    def test_finnhub_403_yfinance(monkeypatch):
        def raise_fetch(*a, **k):
            raise data_fetcher.DataFetchException("AAPL", "alpaca", "", "err")
    
        def raise_finnhub(*a, **k):
            raise data_fetcher.FinnhubAPIException(status_code=403)
    
        called = []
    
        def fake_yf(symbol, *args, **kwargs):
            called.append(symbol)
            return pd.DataFrame(
                {"open": [1], "high": [1], "low": [1], "close": [1], "volume": [1]},
                index=[pd.Timestamp("2023-01-01", tz="UTC")],
            )
    
        monkeypatch.setattr(data_fetcher, "_fetch_bars", raise_fetch)
        monkeypatch.setattr(data_fetcher.fh_fetcher, "fetch", raise_finnhub)
&gt;       monkeypatch.setattr(data_fetcher.yf, "download", fake_yf)
E       AttributeError: None has no attribute 'download'

tests/test_data_fetcher.py:187: AttributeError</failure></testcase><testcase classname="tests.test_data_fetcher" name="test_empty_bars_handled" time="0.005" /><testcase classname="tests.test_data_fetcher" name="test_fetch_bars_empty_raises" time="0.003"><failure message="TypeError: _fetch_bars() takes 4 positional arguments but 5 were given">monkeypatch = &lt;_pytest.monkeypatch.MonkeyPatch object at 0x7f3d45af6f50&gt;

    def test_fetch_bars_empty_raises(monkeypatch):
        """_fetch_bars propagates empty results for Yahoo fallback."""  # AI-AGENT-REF
    
        class Resp:
            status_code = 200
            text = ""
    
            def json(self):
                return {"bars": []}
    
        monkeypatch.setattr(data_fetcher.requests, "get", lambda *a, **k: Resp())
    
        with pytest.raises(ValueError):
&gt;           data_fetcher._fetch_bars(
                "AAPL",
                pd.Timestamp("2023-01-02", tz="UTC"),
                pd.Timestamp("2023-01-02", tz="UTC"),
                "1Day",
                "iex",
            )
E           TypeError: _fetch_bars() takes 4 positional arguments but 5 were given

tests/test_data_fetcher.py:226: TypeError</failure></testcase></testsuite></testsuites>